Logger initialization test
[2025-03-03 10:43:55] INFO [APIServer] Logger initialized: C:\Users\daigo\Desktop\shift\api\logs\apidebug_20250303.log
[2025-03-03 10:43:56] INFO [APIServer] APIサーバー起動
[2025-03-03 10:43:56] DEBUG [APIServer] ログシステム初期化完了
[2025-03-03 10:43:56] DEBUG [APIServer] アプリケーション起動
[2025-03-03 10:43:56] INFO [APIServer] Firestoreリスナー開始
[2025-03-03 10:43:56] INFO [APIServer] デバッグ用Firestoreリスナー開始
Logger initialization test
[2025-03-03 10:44:22] INFO [APIServer] Logger initialized: C:\Users\daigo\Desktop\shift\api\logs\apidebug_20250303.log
[2025-03-03 10:44:22] INFO [APIServer] APIサーバー起動
[2025-03-03 10:44:22] DEBUG [APIServer] ログシステム初期化完了
[2025-03-03 10:44:22] DEBUG [APIServer] アプリケーション起動
[2025-03-03 10:44:22] INFO [APIServer] Firestoreリスナー開始
[2025-03-03 10:44:22] INFO [APIServer] デバッグ用Firestoreリスナー開始
[2025-03-03 10:49:38] INFO [APIServer] シフト生成リクエストを受信
[2025-03-03 10:49:38] INFO [APIServer] JSONデータの変換を開始
[2025-03-03 10:49:38] INFO [APIServer] データの変換を開始
[2025-03-03 10:49:38] INFO [APIServer] データ変換完了
[2025-03-03 10:49:38] INFO [APIServer] インスタンス化を開始
[2025-03-03 10:49:38] INFO [APIServer] インスタンス化完了
[2025-03-03 10:49:38] INFO [APIServer] 事前チェックを開始
[2025-03-03 10:49:38] INFO [APIServer] 事前チェックでエラーが検出されました
[2025-03-03 10:51:12] INFO [APIServer] シフト生成リクエストを受信
[2025-03-03 10:51:12] INFO [APIServer] JSONデータの変換を開始
[2025-03-03 10:51:12] INFO [APIServer] データの変換を開始
[2025-03-03 10:51:12] INFO [APIServer] データ変換完了
[2025-03-03 10:51:12] INFO [APIServer] インスタンス化を開始
[2025-03-03 10:51:12] INFO [APIServer] インスタンス化完了
[2025-03-03 10:51:12] INFO [APIServer] 事前チェックを開始
[2025-03-03 10:51:12] INFO [APIServer] 事前チェックでエラーが検出されました
[2025-03-03 10:52:44] INFO [APIServer] シフト生成リクエストを受信
[2025-03-03 10:52:44] INFO [APIServer] JSONデータの変換を開始
[2025-03-03 10:52:44] INFO [APIServer] データの変換を開始
[2025-03-03 10:52:44] INFO [APIServer] データ変換完了
[2025-03-03 10:52:44] INFO [APIServer] インスタンス化を開始
[2025-03-03 10:52:44] INFO [APIServer] インスタンス化完了
[2025-03-03 10:52:44] INFO [APIServer] 事前チェックを開始
[2025-03-03 10:52:44] INFO [APIServer] 事前チェックでエラーが検出されました
[2025-03-03 10:52:55] INFO [APIServer] シフト生成リクエストを受信
[2025-03-03 10:52:55] INFO [APIServer] JSONデータの変換を開始
[2025-03-03 10:52:55] INFO [APIServer] データの変換を開始
[2025-03-03 10:52:55] INFO [APIServer] データ変換完了
[2025-03-03 10:52:55] INFO [APIServer] インスタンス化を開始
[2025-03-03 10:52:55] INFO [APIServer] インスタンス化完了
[2025-03-03 10:52:55] INFO [APIServer] 事前チェックを開始
[2025-03-03 10:52:55] INFO [APIServer] 事前チェック完了
[2025-03-03 10:53:27] DEBUG [APIServer] === ソルバー実行完了 ===
[2025-03-03 10:58:06] INFO [APIServer] シフト生成リクエストを受信
[2025-03-03 10:58:06] INFO [APIServer] JSONデータの変換を開始
[2025-03-03 10:58:06] INFO [APIServer] データの変換を開始
[2025-03-03 10:58:06] INFO [APIServer] データ変換完了
[2025-03-03 10:58:06] INFO [APIServer] インスタンス化を開始
[2025-03-03 10:58:06] INFO [APIServer] インスタンス化完了
[2025-03-03 10:58:06] INFO [APIServer] 事前チェックを開始
[2025-03-03 10:58:06] INFO [APIServer] 事前チェックでエラーが検出されました
[2025-03-03 10:58:14] INFO [APIServer] シフト生成リクエストを受信
[2025-03-03 10:58:14] INFO [APIServer] JSONデータの変換を開始
[2025-03-03 10:58:14] INFO [APIServer] データの変換を開始
[2025-03-03 10:58:14] INFO [APIServer] データ変換完了
[2025-03-03 10:58:14] INFO [APIServer] インスタンス化を開始
[2025-03-03 10:58:14] INFO [APIServer] インスタンス化完了
[2025-03-03 10:58:14] INFO [APIServer] 事前チェックを開始
[2025-03-03 10:58:14] INFO [APIServer] 事前チェック完了
[2025-03-03 10:58:15] DEBUG [APIServer] === ソルバー実行完了 ===
[2025-03-03 11:02:13] INFO [APIServer] シフト生成リクエストを受信
[2025-03-03 11:02:13] INFO [APIServer] JSONデータの変換を開始
[2025-03-03 11:02:13] INFO [APIServer] データの変換を開始
[2025-03-03 11:02:13] INFO [APIServer] データ変換完了
[2025-03-03 11:02:13] INFO [APIServer] インスタンス化を開始
[2025-03-03 11:02:13] INFO [APIServer] インスタンス化完了
[2025-03-03 11:02:13] INFO [APIServer] 事前チェックを開始
[2025-03-03 11:02:13] INFO [APIServer] 事前チェック完了
[2025-03-03 11:02:14] DEBUG [APIServer] === ソルバー実行完了 ===
[2025-03-03 18:32:36] INFO [APIServer] シフト生成リクエストを受信
[2025-03-03 18:32:36] INFO [APIServer] JSONデータの変換を開始
[2025-03-03 18:32:36] INFO [APIServer] データの変換を開始
[2025-03-03 18:32:36] INFO [APIServer] データ変換完了
[2025-03-03 18:32:36] INFO [APIServer] インスタンス化を開始
[2025-03-03 18:32:36] INFO [APIServer] インスタンス化完了
[2025-03-03 18:32:36] INFO [APIServer] 事前チェックを開始
[2025-03-03 18:32:37] INFO [APIServer] 事前チェックでエラーが検出されました
[2025-03-03 18:32:49] INFO [APIServer] シフト生成リクエストを受信
[2025-03-03 18:32:49] INFO [APIServer] JSONデータの変換を開始
[2025-03-03 18:32:49] INFO [APIServer] データの変換を開始
[2025-03-03 18:32:49] INFO [APIServer] データ変換完了
[2025-03-03 18:32:49] INFO [APIServer] インスタンス化を開始
[2025-03-03 18:32:49] INFO [APIServer] インスタンス化完了
[2025-03-03 18:32:49] INFO [APIServer] 事前チェックを開始
[2025-03-03 18:32:49] INFO [APIServer] 事前チェックでエラーが検出されました
[2025-03-03 18:33:50] INFO [APIServer] シフト生成リクエストを受信
[2025-03-03 18:33:50] INFO [APIServer] JSONデータの変換を開始
[2025-03-03 18:33:50] INFO [APIServer] データの変換を開始
[2025-03-03 18:33:50] INFO [APIServer] データ変換完了
[2025-03-03 18:33:50] INFO [APIServer] インスタンス化を開始
[2025-03-03 18:33:50] INFO [APIServer] インスタンス化完了
[2025-03-03 18:33:50] INFO [APIServer] 事前チェックを開始
[2025-03-03 18:33:50] INFO [APIServer] 事前チェックでエラーが検出されました
[2025-03-03 18:33:57] INFO [APIServer] シフト生成リクエストを受信
[2025-03-03 18:33:57] INFO [APIServer] JSONデータの変換を開始
[2025-03-03 18:33:57] INFO [APIServer] データの変換を開始
[2025-03-03 18:33:57] INFO [APIServer] データ変換完了
[2025-03-03 18:33:57] INFO [APIServer] インスタンス化を開始
[2025-03-03 18:33:57] INFO [APIServer] インスタンス化完了
[2025-03-03 18:33:57] INFO [APIServer] 事前チェックを開始
[2025-03-03 18:33:57] INFO [APIServer] 事前チェック完了
[2025-03-03 18:33:59] DEBUG [APIServer] === ソルバー実行完了 ===
