Logger initialization test
[2025-03-30 18:31:32] INFO [APIServer] Logger initialized: C:\Users\daigo\Desktop\shift\api\logs\apidebug_20250330.log
[2025-03-30 18:31:33] INFO [APIServer] APIサーバー起動
[2025-03-30 18:31:33] DEBUG [APIServer] ログシステム初期化完了
[2025-03-30 18:31:33] DEBUG [APIServer] アプリケーション起動
[2025-03-30 18:31:33] INFO [APIServer] Firestoreリスナー開始
[2025-03-30 18:31:33] INFO [APIServer] デバッグ用Firestoreリスナー開始
[2025-03-30 18:32:05] INFO [APIServer] シフト生成リクエストを受信
[2025-03-30 18:32:05] INFO [APIServer] JSONデータの変換を開始
[2025-03-30 18:32:05] INFO [APIServer] データの変換を開始
[2025-03-30 18:32:05] INFO [APIServer] データ変換完了
[2025-03-30 18:32:05] INFO [APIServer] インスタンス化を開始
[2025-03-30 18:32:05] INFO [APIServer] インスタンス化完了
[2025-03-30 18:32:05] INFO [APIServer] 事前チェックを開始
[2025-03-30 18:32:05] INFO [APIServer] 事前チェック完了
[2025-03-30 18:32:07] DEBUG [APIServer] === ソルバー実行完了 ===
[2025-03-30 18:32:34] INFO [APIServer] シフト生成リクエストを受信
[2025-03-30 18:32:34] INFO [APIServer] JSONデータの変換を開始
[2025-03-30 18:32:34] INFO [APIServer] データの変換を開始
[2025-03-30 18:32:34] ERROR [APIServer] 全体エラー: local variable 'result' referenced before assignment
[2025-03-30 18:45:03] INFO [APIServer] シフト生成リクエストを受信
[2025-03-30 18:45:03] INFO [APIServer] JSONデータの変換を開始
[2025-03-30 18:45:03] INFO [APIServer] データの変換を開始
[2025-03-30 18:45:03] ERROR [APIServer] 全体エラー: local variable 'result' referenced before assignment
Logger initialization test
[2025-03-30 18:45:18] INFO [APIServer] Logger initialized: C:\Users\daigo\Desktop\shift\api\logs\apidebug_20250330.log
[2025-03-30 18:45:18] INFO [APIServer] APIサーバー起動
[2025-03-30 18:45:18] DEBUG [APIServer] ログシステム初期化完了
[2025-03-30 18:45:18] DEBUG [APIServer] アプリケーション起動
[2025-03-30 18:45:18] INFO [APIServer] Firestoreリスナー開始
[2025-03-30 18:45:18] INFO [APIServer] デバッグ用Firestoreリスナー開始
[2025-03-30 18:45:21] INFO [APIServer] シフト生成リクエストを受信
[2025-03-30 18:45:21] INFO [APIServer] JSONデータの変換を開始
[2025-03-30 18:45:21] INFO [APIServer] データの変換を開始
[2025-03-30 18:45:21] INFO [APIServer] データ変換完了
[2025-03-30 18:45:21] INFO [APIServer] インスタンス化を開始
[2025-03-30 18:45:21] INFO [APIServer] インスタンス化完了
[2025-03-30 18:45:21] INFO [APIServer] 事前チェックを開始
[2025-03-30 18:45:21] INFO [APIServer] 事前チェック完了
[2025-03-30 18:45:22] WARNING [APIServer] シフト生成失敗（解なし）
[2025-03-30 18:45:51] INFO [APIServer] シフト生成リクエストを受信
[2025-03-30 18:45:51] INFO [APIServer] JSONデータの変換を開始
[2025-03-30 18:45:51] INFO [APIServer] データの変換を開始
[2025-03-30 18:45:51] INFO [APIServer] データ変換完了
[2025-03-30 18:45:51] INFO [APIServer] インスタンス化を開始
[2025-03-30 18:45:51] INFO [APIServer] インスタンス化完了
[2025-03-30 18:45:51] INFO [APIServer] 事前チェックを開始
[2025-03-30 18:45:51] INFO [APIServer] 事前チェックでエラーが検出されました
[2025-03-30 18:46:02] INFO [APIServer] シフト生成リクエストを受信
[2025-03-30 18:46:02] INFO [APIServer] JSONデータの変換を開始
[2025-03-30 18:46:02] INFO [APIServer] データの変換を開始
[2025-03-30 18:46:02] INFO [APIServer] データ変換完了
[2025-03-30 18:46:02] INFO [APIServer] インスタンス化を開始
[2025-03-30 18:46:02] INFO [APIServer] インスタンス化完了
[2025-03-30 18:46:02] INFO [APIServer] 事前チェックを開始
[2025-03-30 18:46:02] INFO [APIServer] 事前チェック完了
[2025-03-30 18:46:02] WARNING [APIServer] シフト生成失敗（解なし）
Logger initialization test
[2025-03-30 18:49:31] INFO [APIServer] Logger initialized: C:\Users\daigo\Desktop\shift\api\logs\apidebug_20250330.log
[2025-03-30 18:49:31] INFO [APIServer] APIサーバー起動
[2025-03-30 18:49:31] DEBUG [APIServer] ログシステム初期化完了
[2025-03-30 18:49:31] DEBUG [APIServer] アプリケーション起動
[2025-03-30 18:49:31] INFO [APIServer] Firestoreリスナー開始
[2025-03-30 18:49:31] INFO [APIServer] デバッグ用Firestoreリスナー開始
[2025-03-30 18:49:39] INFO [APIServer] シフト生成リクエストを受信
[2025-03-30 18:49:39] INFO [APIServer] JSONデータの変換を開始
[2025-03-30 18:49:39] INFO [APIServer] データの変換を開始
[2025-03-30 18:49:39] INFO [APIServer] データ変換完了
[2025-03-30 18:49:39] INFO [APIServer] インスタンス化を開始
[2025-03-30 18:49:39] INFO [APIServer] インスタンス化完了
[2025-03-30 18:49:39] INFO [APIServer] 事前チェックを開始
[2025-03-30 18:49:39] INFO [APIServer] 事前チェック完了
[2025-03-30 18:49:45] DEBUG [APIServer] === ソルバー実行完了 ===
[2025-03-30 18:50:06] INFO [APIServer] シフト生成リクエストを受信
[2025-03-30 18:50:06] INFO [APIServer] JSONデータの変換を開始
[2025-03-30 18:50:06] INFO [APIServer] データの変換を開始
[2025-03-30 18:50:06] INFO [APIServer] データ変換完了
[2025-03-30 18:50:06] INFO [APIServer] インスタンス化を開始
[2025-03-30 18:50:06] INFO [APIServer] インスタンス化完了
[2025-03-30 18:50:06] INFO [APIServer] 事前チェックを開始
[2025-03-30 18:50:06] INFO [APIServer] 事前チェック完了
[2025-03-30 18:50:07] DEBUG [APIServer] === ソルバー実行完了 ===
[2025-03-30 18:50:25] INFO [APIServer] シフト生成リクエストを受信
[2025-03-30 18:50:25] INFO [APIServer] JSONデータの変換を開始
[2025-03-30 18:50:25] INFO [APIServer] データの変換を開始
[2025-03-30 18:50:25] INFO [APIServer] データ変換完了
[2025-03-30 18:50:25] INFO [APIServer] インスタンス化を開始
[2025-03-30 18:50:25] INFO [APIServer] インスタンス化完了
[2025-03-30 18:50:25] INFO [APIServer] 事前チェックを開始
[2025-03-30 18:50:25] INFO [APIServer] 事前チェック完了
[2025-03-30 18:50:26] DEBUG [APIServer] === ソルバー実行完了 ===
[2025-03-30 18:50:56] INFO [APIServer] シフト生成リクエストを受信
[2025-03-30 18:50:56] INFO [APIServer] JSONデータの変換を開始
[2025-03-30 18:50:56] INFO [APIServer] データの変換を開始
[2025-03-30 18:50:56] INFO [APIServer] データ変換完了
[2025-03-30 18:50:56] INFO [APIServer] インスタンス化を開始
[2025-03-30 18:50:56] INFO [APIServer] インスタンス化完了
[2025-03-30 18:50:56] INFO [APIServer] 事前チェックを開始
[2025-03-30 18:50:56] INFO [APIServer] 事前チェック完了
[2025-03-30 18:50:57] DEBUG [APIServer] === ソルバー実行完了 ===
Logger initialization test
[2025-03-30 19:03:15] INFO [APIServer] Logger initialized: C:\Users\daigo\Desktop\shift\api\logs\apidebug_20250330.log
[2025-03-30 19:03:15] INFO [APIServer] APIサーバー起動
[2025-03-30 19:03:15] DEBUG [APIServer] ログシステム初期化完了
[2025-03-30 19:03:15] DEBUG [APIServer] アプリケーション起動
[2025-03-30 19:03:15] INFO [APIServer] Firestoreリスナー開始
[2025-03-30 19:03:15] INFO [APIServer] デバッグ用Firestoreリスナー開始
[2025-03-30 19:03:45] INFO [APIServer] シフト生成リクエストを受信
[2025-03-30 19:03:45] INFO [APIServer] JSONデータの変換を開始
[2025-03-30 19:03:45] INFO [APIServer] データの変換を開始
[2025-03-30 19:03:45] INFO [APIServer] データ変換完了
[2025-03-30 19:03:45] INFO [APIServer] インスタンス化を開始
[2025-03-30 19:03:45] INFO [APIServer] インスタンス化完了
[2025-03-30 19:03:45] INFO [APIServer] 事前チェックを開始
[2025-03-30 19:03:45] INFO [APIServer] 事前チェック完了
[2025-03-30 19:03:47] DEBUG [APIServer] === ソルバー実行完了 ===
Logger initialization test
[2025-03-30 19:06:42] INFO [APIServer] Logger initialized: C:\Users\daigo\Desktop\shift\api\logs\apidebug_20250330.log
[2025-03-30 19:06:42] INFO [APIServer] APIサーバー起動
[2025-03-30 19:06:42] DEBUG [APIServer] ログシステム初期化完了
[2025-03-30 19:06:42] DEBUG [APIServer] アプリケーション起動
[2025-03-30 19:06:42] INFO [APIServer] Firestoreリスナー開始
[2025-03-30 19:06:42] INFO [APIServer] デバッグ用Firestoreリスナー開始
[2025-03-30 19:06:49] INFO [APIServer] シフト生成リクエストを受信
[2025-03-30 19:06:49] INFO [APIServer] JSONデータの変換を開始
[2025-03-30 19:06:49] INFO [APIServer] データの変換を開始
[2025-03-30 19:06:49] INFO [APIServer] データ変換完了
[2025-03-30 19:06:49] INFO [APIServer] インスタンス化を開始
[2025-03-30 19:06:49] INFO [APIServer] インスタンス化完了
[2025-03-30 19:06:49] INFO [APIServer] 事前チェックを開始
[2025-03-30 19:06:49] INFO [APIServer] 事前チェック完了
[2025-03-30 19:06:51] DEBUG [APIServer] === ソルバー実行完了 ===
[2025-03-30 19:07:06] INFO [APIServer] シフト生成リクエストを受信
[2025-03-30 19:07:06] INFO [APIServer] JSONデータの変換を開始
[2025-03-30 19:07:06] INFO [APIServer] データの変換を開始
[2025-03-30 19:07:06] INFO [APIServer] データ変換完了
[2025-03-30 19:07:06] INFO [APIServer] インスタンス化を開始
[2025-03-30 19:07:06] INFO [APIServer] インスタンス化完了
[2025-03-30 19:07:06] INFO [APIServer] 事前チェックを開始
[2025-03-30 19:07:06] INFO [APIServer] 事前チェック完了
[2025-03-30 19:07:08] DEBUG [APIServer] === ソルバー実行完了 ===
[2025-03-30 19:53:52] INFO [APIServer] シフト生成リクエストを受信
[2025-03-30 19:53:52] INFO [APIServer] JSONデータの変換を開始
[2025-03-30 19:53:52] INFO [APIServer] データの変換を開始
[2025-03-30 19:53:52] INFO [APIServer] データ変換完了
[2025-03-30 19:53:52] INFO [APIServer] インスタンス化を開始
[2025-03-30 19:53:52] INFO [APIServer] インスタンス化完了
[2025-03-30 19:53:52] INFO [APIServer] 事前チェックを開始
[2025-03-30 19:53:52] INFO [APIServer] 事前チェック完了
[2025-03-30 19:53:53] WARNING [APIServer] シフト生成失敗（解なし）
[2025-03-30 19:54:04] INFO [APIServer] シフト生成リクエストを受信
[2025-03-30 19:54:04] INFO [APIServer] JSONデータの変換を開始
[2025-03-30 19:54:04] INFO [APIServer] データの変換を開始
[2025-03-30 19:54:04] INFO [APIServer] データ変換完了
[2025-03-30 19:54:04] INFO [APIServer] インスタンス化を開始
[2025-03-30 19:54:04] INFO [APIServer] インスタンス化完了
[2025-03-30 19:54:04] INFO [APIServer] 事前チェックを開始
[2025-03-30 19:54:04] INFO [APIServer] 事前チェック完了
[2025-03-30 19:54:06] DEBUG [APIServer] === ソルバー実行完了 ===
[2025-03-30 19:54:40] INFO [APIServer] シフト生成リクエストを受信
[2025-03-30 19:54:40] INFO [APIServer] JSONデータの変換を開始
[2025-03-30 19:54:40] INFO [APIServer] データの変換を開始
[2025-03-30 19:54:40] INFO [APIServer] データ変換完了
[2025-03-30 19:54:40] INFO [APIServer] インスタンス化を開始
[2025-03-30 19:54:40] INFO [APIServer] インスタンス化完了
[2025-03-30 19:54:40] INFO [APIServer] 事前チェックを開始
[2025-03-30 19:54:40] INFO [APIServer] 事前チェック完了
[2025-03-30 19:54:42] DEBUG [APIServer] === ソルバー実行完了 ===
[2025-03-30 19:55:03] INFO [APIServer] シフト生成リクエストを受信
[2025-03-30 19:55:03] INFO [APIServer] JSONデータの変換を開始
[2025-03-30 19:55:03] INFO [APIServer] データの変換を開始
[2025-03-30 19:55:03] INFO [APIServer] データ変換完了
[2025-03-30 19:55:03] INFO [APIServer] インスタンス化を開始
[2025-03-30 19:55:03] INFO [APIServer] インスタンス化完了
[2025-03-30 19:55:03] INFO [APIServer] 事前チェックを開始
[2025-03-30 19:55:03] INFO [APIServer] 事前チェック完了
[2025-03-30 19:55:05] DEBUG [APIServer] === ソルバー実行完了 ===
[2025-03-30 19:55:54] INFO [APIServer] シフト生成リクエストを受信
[2025-03-30 19:55:54] INFO [APIServer] JSONデータの変換を開始
[2025-03-30 19:55:54] INFO [APIServer] データの変換を開始
[2025-03-30 19:55:54] INFO [APIServer] データ変換完了
[2025-03-30 19:55:54] INFO [APIServer] インスタンス化を開始
[2025-03-30 19:55:54] INFO [APIServer] インスタンス化完了
[2025-03-30 19:55:54] INFO [APIServer] 事前チェックを開始
[2025-03-30 19:55:54] INFO [APIServer] 事前チェック完了
[2025-03-30 19:55:56] DEBUG [APIServer] === ソルバー実行完了 ===
[2025-03-30 19:56:25] INFO [APIServer] シフト生成リクエストを受信
[2025-03-30 19:56:25] INFO [APIServer] JSONデータの変換を開始
[2025-03-30 19:56:25] INFO [APIServer] データの変換を開始
[2025-03-30 19:56:25] INFO [APIServer] データ変換完了
[2025-03-30 19:56:25] INFO [APIServer] インスタンス化を開始
[2025-03-30 19:56:25] INFO [APIServer] インスタンス化完了
[2025-03-30 19:56:25] INFO [APIServer] 事前チェックを開始
[2025-03-30 19:56:25] INFO [APIServer] 事前チェック完了
[2025-03-30 19:56:27] DEBUG [APIServer] === ソルバー実行完了 ===
[2025-03-30 19:56:58] INFO [APIServer] シフト生成リクエストを受信
[2025-03-30 19:56:58] INFO [APIServer] JSONデータの変換を開始
[2025-03-30 19:56:58] INFO [APIServer] データの変換を開始
[2025-03-30 19:56:58] INFO [APIServer] データ変換完了
[2025-03-30 19:56:58] INFO [APIServer] インスタンス化を開始
[2025-03-30 19:56:58] INFO [APIServer] インスタンス化完了
[2025-03-30 19:56:58] INFO [APIServer] 事前チェックを開始
[2025-03-30 19:56:58] INFO [APIServer] 事前チェック完了
[2025-03-30 19:56:59] DEBUG [APIServer] === ソルバー実行完了 ===
Logger initialization test
[2025-03-30 19:59:40] INFO [APIServer] Logger initialized: C:\Users\daigo\Desktop\shift\api\logs\apidebug_20250330.log
[2025-03-30 19:59:40] INFO [APIServer] APIサーバー起動
[2025-03-30 19:59:40] DEBUG [APIServer] ログシステム初期化完了
[2025-03-30 19:59:40] DEBUG [APIServer] アプリケーション起動
[2025-03-30 19:59:40] INFO [APIServer] Firestoreリスナー開始
[2025-03-30 19:59:40] INFO [APIServer] デバッグ用Firestoreリスナー開始
[2025-03-30 19:59:42] INFO [APIServer] シフト生成リクエストを受信
[2025-03-30 19:59:42] INFO [APIServer] JSONデータの変換を開始
[2025-03-30 19:59:42] INFO [APIServer] データの変換を開始
[2025-03-30 19:59:42] INFO [APIServer] データ変換完了
[2025-03-30 19:59:42] INFO [APIServer] インスタンス化を開始
[2025-03-30 19:59:42] INFO [APIServer] インスタンス化完了
[2025-03-30 19:59:42] INFO [APIServer] 事前チェックを開始
[2025-03-30 19:59:42] INFO [APIServer] 事前チェック完了
[2025-03-30 19:59:43] DEBUG [APIServer] === ソルバー実行完了 ===
[2025-03-30 19:59:50] INFO [APIServer] シフト生成リクエストを受信
[2025-03-30 19:59:50] INFO [APIServer] JSONデータの変換を開始
[2025-03-30 19:59:50] INFO [APIServer] データの変換を開始
[2025-03-30 19:59:50] INFO [APIServer] データ変換完了
[2025-03-30 19:59:50] INFO [APIServer] インスタンス化を開始
[2025-03-30 19:59:50] INFO [APIServer] インスタンス化完了
[2025-03-30 19:59:50] INFO [APIServer] 事前チェックを開始
[2025-03-30 19:59:50] INFO [APIServer] 事前チェック完了
[2025-03-30 19:59:52] DEBUG [APIServer] === ソルバー実行完了 ===
[2025-03-30 20:01:32] INFO [APIServer] シフト生成リクエストを受信
[2025-03-30 20:01:32] INFO [APIServer] JSONデータの変換を開始
[2025-03-30 20:01:32] INFO [APIServer] データの変換を開始
[2025-03-30 20:01:32] INFO [APIServer] データ変換完了
[2025-03-30 20:01:32] INFO [APIServer] インスタンス化を開始
[2025-03-30 20:01:32] INFO [APIServer] インスタンス化完了
[2025-03-30 20:01:32] INFO [APIServer] 事前チェックを開始
[2025-03-30 20:01:32] INFO [APIServer] 事前チェック完了
[2025-03-30 20:01:34] DEBUG [APIServer] === ソルバー実行完了 ===
[2025-03-30 20:01:52] INFO [APIServer] シフト生成リクエストを受信
[2025-03-30 20:01:52] INFO [APIServer] JSONデータの変換を開始
[2025-03-30 20:01:52] INFO [APIServer] データの変換を開始
[2025-03-30 20:01:52] INFO [APIServer] データ変換完了
[2025-03-30 20:01:52] INFO [APIServer] インスタンス化を開始
[2025-03-30 20:01:52] INFO [APIServer] インスタンス化完了
[2025-03-30 20:01:52] INFO [APIServer] 事前チェックを開始
[2025-03-30 20:01:52] INFO [APIServer] 事前チェック完了
[2025-03-30 20:01:54] DEBUG [APIServer] === ソルバー実行完了 ===
[2025-03-30 20:02:05] INFO [APIServer] シフト生成リクエストを受信
[2025-03-30 20:02:05] INFO [APIServer] JSONデータの変換を開始
[2025-03-30 20:02:05] INFO [APIServer] データの変換を開始
[2025-03-30 20:02:05] INFO [APIServer] データ変換完了
[2025-03-30 20:02:05] INFO [APIServer] インスタンス化を開始
[2025-03-30 20:02:05] INFO [APIServer] インスタンス化完了
[2025-03-30 20:02:05] INFO [APIServer] 事前チェックを開始
[2025-03-30 20:02:05] INFO [APIServer] 事前チェック完了
[2025-03-30 20:02:06] DEBUG [APIServer] === ソルバー実行完了 ===
[2025-03-30 20:03:53] INFO [APIServer] シフト生成リクエストを受信
[2025-03-30 20:03:53] INFO [APIServer] JSONデータの変換を開始
[2025-03-30 20:03:53] INFO [APIServer] データの変換を開始
[2025-03-30 20:03:53] INFO [APIServer] データ変換完了
[2025-03-30 20:03:53] INFO [APIServer] インスタンス化を開始
[2025-03-30 20:03:53] INFO [APIServer] インスタンス化完了
[2025-03-30 20:03:53] INFO [APIServer] 事前チェックを開始
[2025-03-30 20:03:53] INFO [APIServer] 事前チェック完了
[2025-03-30 20:03:54] DEBUG [APIServer] === ソルバー実行完了 ===
[2025-03-30 20:04:15] INFO [APIServer] シフト生成リクエストを受信
[2025-03-30 20:04:15] INFO [APIServer] JSONデータの変換を開始
[2025-03-30 20:04:15] INFO [APIServer] データの変換を開始
[2025-03-30 20:04:15] INFO [APIServer] データ変換完了
[2025-03-30 20:04:15] INFO [APIServer] インスタンス化を開始
[2025-03-30 20:04:15] INFO [APIServer] インスタンス化完了
[2025-03-30 20:04:15] INFO [APIServer] 事前チェックを開始
[2025-03-30 20:04:15] INFO [APIServer] 事前チェック完了
[2025-03-30 20:04:16] DEBUG [APIServer] === ソルバー実行完了 ===
[2025-03-30 20:04:53] INFO [APIServer] シフト生成リクエストを受信
[2025-03-30 20:04:53] INFO [APIServer] JSONデータの変換を開始
[2025-03-30 20:04:53] INFO [APIServer] データの変換を開始
[2025-03-30 20:04:53] INFO [APIServer] データ変換完了
[2025-03-30 20:04:53] INFO [APIServer] インスタンス化を開始
[2025-03-30 20:04:53] INFO [APIServer] インスタンス化完了
[2025-03-30 20:04:53] INFO [APIServer] 事前チェックを開始
[2025-03-30 20:04:53] INFO [APIServer] 事前チェック完了
[2025-03-30 20:04:55] DEBUG [APIServer] === ソルバー実行完了 ===
[2025-03-30 20:05:16] INFO [APIServer] シフト生成リクエストを受信
[2025-03-30 20:05:16] INFO [APIServer] JSONデータの変換を開始
[2025-03-30 20:05:16] INFO [APIServer] データの変換を開始
[2025-03-30 20:05:16] INFO [APIServer] データ変換完了
[2025-03-30 20:05:16] INFO [APIServer] インスタンス化を開始
[2025-03-30 20:05:16] INFO [APIServer] インスタンス化完了
[2025-03-30 20:05:16] INFO [APIServer] 事前チェックを開始
[2025-03-30 20:05:16] INFO [APIServer] 事前チェック完了
[2025-03-30 20:05:18] DEBUG [APIServer] === ソルバー実行完了 ===
[2025-03-30 20:05:42] INFO [APIServer] シフト生成リクエストを受信
[2025-03-30 20:05:42] INFO [APIServer] JSONデータの変換を開始
[2025-03-30 20:05:42] INFO [APIServer] データの変換を開始
[2025-03-30 20:05:42] INFO [APIServer] データ変換完了
[2025-03-30 20:05:42] INFO [APIServer] インスタンス化を開始
[2025-03-30 20:05:42] INFO [APIServer] インスタンス化完了
[2025-03-30 20:05:42] INFO [APIServer] 事前チェックを開始
[2025-03-30 20:05:42] INFO [APIServer] 事前チェック完了
[2025-03-30 20:05:44] DEBUG [APIServer] === ソルバー実行完了 ===
[2025-03-30 20:05:57] INFO [APIServer] シフト生成リクエストを受信
[2025-03-30 20:05:57] INFO [APIServer] JSONデータの変換を開始
[2025-03-30 20:05:57] INFO [APIServer] データの変換を開始
[2025-03-30 20:05:57] INFO [APIServer] データ変換完了
[2025-03-30 20:05:57] INFO [APIServer] インスタンス化を開始
[2025-03-30 20:05:57] INFO [APIServer] インスタンス化完了
[2025-03-30 20:05:57] INFO [APIServer] 事前チェックを開始
[2025-03-30 20:05:57] INFO [APIServer] 事前チェック完了
[2025-03-30 20:05:58] DEBUG [APIServer] === ソルバー実行完了 ===
[2025-03-30 20:06:34] INFO [APIServer] シフト生成リクエストを受信
[2025-03-30 20:06:34] INFO [APIServer] JSONデータの変換を開始
[2025-03-30 20:06:34] INFO [APIServer] データの変換を開始
[2025-03-30 20:06:34] INFO [APIServer] データ変換完了
[2025-03-30 20:06:34] INFO [APIServer] インスタンス化を開始
[2025-03-30 20:06:34] INFO [APIServer] インスタンス化完了
[2025-03-30 20:06:34] INFO [APIServer] 事前チェックを開始
[2025-03-30 20:06:34] INFO [APIServer] 事前チェック完了
[2025-03-30 20:06:35] DEBUG [APIServer] === ソルバー実行完了 ===
[2025-03-30 20:07:03] INFO [APIServer] シフト生成リクエストを受信
[2025-03-30 20:07:04] INFO [APIServer] JSONデータの変換を開始
[2025-03-30 20:07:04] INFO [APIServer] データの変換を開始
[2025-03-30 20:07:04] INFO [APIServer] データ変換完了
[2025-03-30 20:07:04] INFO [APIServer] インスタンス化を開始
[2025-03-30 20:07:04] INFO [APIServer] インスタンス化完了
[2025-03-30 20:07:04] INFO [APIServer] 事前チェックを開始
[2025-03-30 20:07:04] INFO [APIServer] 事前チェック完了
[2025-03-30 20:07:04] WARNING [APIServer] シフト生成失敗（解なし）
[2025-03-30 22:10:13] INFO [APIServer] シフト生成リクエストを受信
[2025-03-30 22:10:13] INFO [APIServer] JSONデータの変換を開始
[2025-03-30 22:10:13] INFO [APIServer] データの変換を開始
[2025-03-30 22:10:13] INFO [APIServer] データ変換完了
[2025-03-30 22:10:13] INFO [APIServer] インスタンス化を開始
[2025-03-30 22:10:13] INFO [APIServer] インスタンス化完了
[2025-03-30 22:10:13] INFO [APIServer] 事前チェックを開始
[2025-03-30 22:10:13] INFO [APIServer] 事前チェック完了
[2025-03-30 22:10:15] DEBUG [APIServer] === ソルバー実行完了 ===
Logger initialization test
[2025-03-30 22:21:38] INFO [APIServer] Logger initialized: C:\Users\daigo\Desktop\shift\api\logs\apidebug_20250330.log
[2025-03-30 22:21:38] INFO [APIServer] APIサーバー起動
[2025-03-30 22:21:38] DEBUG [APIServer] ログシステム初期化完了
[2025-03-30 22:21:38] DEBUG [APIServer] アプリケーション起動
[2025-03-30 22:21:38] INFO [APIServer] Firestoreリスナー開始
[2025-03-30 22:21:38] INFO [APIServer] デバッグ用Firestoreリスナー開始
[2025-03-30 22:22:11] INFO [APIServer] シフト生成リクエストを受信
[2025-03-30 22:22:11] INFO [APIServer] JSONデータの変換を開始
[2025-03-30 22:22:11] INFO [APIServer] データの変換を開始
[2025-03-30 22:22:11] INFO [APIServer] データ変換完了
[2025-03-30 22:22:11] INFO [APIServer] インスタンス化を開始
[2025-03-30 22:22:11] INFO [APIServer] インスタンス化完了
[2025-03-30 22:22:11] INFO [APIServer] 事前チェックを開始
[2025-03-30 22:22:11] INFO [APIServer] 事前チェック完了
[2025-03-30 22:22:13] DEBUG [APIServer] === ソルバー実行完了 ===
[2025-03-30 22:22:27] INFO [APIServer] シフト生成リクエストを受信
[2025-03-30 22:22:27] INFO [APIServer] JSONデータの変換を開始
[2025-03-30 22:22:27] INFO [APIServer] データの変換を開始
[2025-03-30 22:22:27] INFO [APIServer] データ変換完了
[2025-03-30 22:22:27] INFO [APIServer] インスタンス化を開始
[2025-03-30 22:22:27] INFO [APIServer] インスタンス化完了
[2025-03-30 22:22:27] INFO [APIServer] 事前チェックを開始
[2025-03-30 22:22:27] INFO [APIServer] 事前チェック完了
[2025-03-30 22:22:29] DEBUG [APIServer] === ソルバー実行完了 ===
[2025-03-30 22:22:45] INFO [APIServer] シフト生成リクエストを受信
[2025-03-30 22:22:45] INFO [APIServer] JSONデータの変換を開始
[2025-03-30 22:22:45] INFO [APIServer] データの変換を開始
[2025-03-30 22:22:45] INFO [APIServer] データ変換完了
[2025-03-30 22:22:45] INFO [APIServer] インスタンス化を開始
[2025-03-30 22:22:45] INFO [APIServer] インスタンス化完了
[2025-03-30 22:22:45] INFO [APIServer] 事前チェックを開始
[2025-03-30 22:22:45] INFO [APIServer] 事前チェック完了
[2025-03-30 22:22:46] DEBUG [APIServer] === ソルバー実行完了 ===
[2025-03-30 22:23:25] INFO [APIServer] シフト生成リクエストを受信
[2025-03-30 22:23:25] INFO [APIServer] JSONデータの変換を開始
[2025-03-30 22:23:25] INFO [APIServer] データの変換を開始
[2025-03-30 22:23:25] INFO [APIServer] データ変換完了
[2025-03-30 22:23:25] INFO [APIServer] インスタンス化を開始
[2025-03-30 22:23:25] INFO [APIServer] インスタンス化完了
[2025-03-30 22:23:25] INFO [APIServer] 事前チェックを開始
[2025-03-30 22:23:25] INFO [APIServer] 事前チェック完了
[2025-03-30 22:23:26] DEBUG [APIServer] === ソルバー実行完了 ===
[2025-03-30 22:23:37] INFO [APIServer] シフト生成リクエストを受信
[2025-03-30 22:23:37] INFO [APIServer] JSONデータの変換を開始
[2025-03-30 22:23:37] INFO [APIServer] データの変換を開始
[2025-03-30 22:23:37] INFO [APIServer] データ変換完了
[2025-03-30 22:23:37] INFO [APIServer] インスタンス化を開始
[2025-03-30 22:23:37] INFO [APIServer] インスタンス化完了
[2025-03-30 22:23:37] INFO [APIServer] 事前チェックを開始
[2025-03-30 22:23:37] INFO [APIServer] 事前チェック完了
[2025-03-30 22:23:38] DEBUG [APIServer] === ソルバー実行完了 ===
[2025-03-30 22:24:27] INFO [APIServer] シフト生成リクエストを受信
[2025-03-30 22:24:27] INFO [APIServer] JSONデータの変換を開始
[2025-03-30 22:24:27] INFO [APIServer] データの変換を開始
[2025-03-30 22:24:27] INFO [APIServer] データ変換完了
[2025-03-30 22:24:27] INFO [APIServer] インスタンス化を開始
[2025-03-30 22:24:27] INFO [APIServer] インスタンス化完了
[2025-03-30 22:24:27] INFO [APIServer] 事前チェックを開始
[2025-03-30 22:24:27] INFO [APIServer] 事前チェック完了
[2025-03-30 22:24:29] DEBUG [APIServer] === ソルバー実行完了 ===
[2025-03-30 22:26:02] INFO [APIServer] シフト生成リクエストを受信
[2025-03-30 22:26:02] INFO [APIServer] JSONデータの変換を開始
[2025-03-30 22:26:02] INFO [APIServer] データの変換を開始
[2025-03-30 22:26:02] INFO [APIServer] データ変換完了
[2025-03-30 22:26:02] INFO [APIServer] インスタンス化を開始
[2025-03-30 22:26:02] INFO [APIServer] インスタンス化完了
[2025-03-30 22:26:02] INFO [APIServer] 事前チェックを開始
[2025-03-30 22:26:02] INFO [APIServer] 事前チェック完了
[2025-03-30 22:26:03] DEBUG [APIServer] === ソルバー実行完了 ===
[2025-03-30 22:26:16] INFO [APIServer] シフト生成リクエストを受信
[2025-03-30 22:26:16] INFO [APIServer] JSONデータの変換を開始
[2025-03-30 22:26:16] INFO [APIServer] データの変換を開始
[2025-03-30 22:26:16] INFO [APIServer] データ変換完了
[2025-03-30 22:26:16] INFO [APIServer] インスタンス化を開始
[2025-03-30 22:26:16] INFO [APIServer] インスタンス化完了
[2025-03-30 22:26:16] INFO [APIServer] 事前チェックを開始
[2025-03-30 22:26:16] INFO [APIServer] 事前チェック完了
[2025-03-30 22:26:17] DEBUG [APIServer] === ソルバー実行完了 ===
[2025-03-30 22:26:51] INFO [APIServer] シフト生成リクエストを受信
[2025-03-30 22:26:51] INFO [APIServer] JSONデータの変換を開始
[2025-03-30 22:26:51] INFO [APIServer] データの変換を開始
[2025-03-30 22:26:51] INFO [APIServer] データ変換完了
[2025-03-30 22:26:51] INFO [APIServer] インスタンス化を開始
[2025-03-30 22:26:51] INFO [APIServer] インスタンス化完了
[2025-03-30 22:26:51] INFO [APIServer] 事前チェックを開始
[2025-03-30 22:26:51] INFO [APIServer] 事前チェック完了
[2025-03-30 22:26:52] DEBUG [APIServer] === ソルバー実行完了 ===
[2025-03-30 22:27:10] INFO [APIServer] シフト生成リクエストを受信
[2025-03-30 22:27:10] INFO [APIServer] JSONデータの変換を開始
[2025-03-30 22:27:10] INFO [APIServer] データの変換を開始
[2025-03-30 22:27:10] INFO [APIServer] データ変換完了
[2025-03-30 22:27:10] INFO [APIServer] インスタンス化を開始
[2025-03-30 22:27:10] INFO [APIServer] インスタンス化完了
[2025-03-30 22:27:10] INFO [APIServer] 事前チェックを開始
[2025-03-30 22:27:10] INFO [APIServer] 事前チェック完了
[2025-03-30 22:27:12] DEBUG [APIServer] === ソルバー実行完了 ===
[2025-03-30 22:27:36] INFO [APIServer] シフト生成リクエストを受信
[2025-03-30 22:27:36] INFO [APIServer] JSONデータの変換を開始
[2025-03-30 22:27:36] INFO [APIServer] データの変換を開始
[2025-03-30 22:27:36] INFO [APIServer] データ変換完了
[2025-03-30 22:27:36] INFO [APIServer] インスタンス化を開始
[2025-03-30 22:27:36] INFO [APIServer] インスタンス化完了
[2025-03-30 22:27:36] INFO [APIServer] 事前チェックを開始
[2025-03-30 22:27:36] INFO [APIServer] 事前チェック完了
[2025-03-30 22:27:38] DEBUG [APIServer] === ソルバー実行完了 ===
[2025-03-30 22:28:08] INFO [APIServer] シフト生成リクエストを受信
[2025-03-30 22:28:09] INFO [APIServer] JSONデータの変換を開始
[2025-03-30 22:28:09] INFO [APIServer] データの変換を開始
[2025-03-30 22:28:09] INFO [APIServer] データ変換完了
[2025-03-30 22:28:09] INFO [APIServer] インスタンス化を開始
[2025-03-30 22:28:09] INFO [APIServer] インスタンス化完了
[2025-03-30 22:28:09] INFO [APIServer] 事前チェックを開始
[2025-03-30 22:28:09] INFO [APIServer] 事前チェック完了
[2025-03-30 22:28:11] DEBUG [APIServer] === ソルバー実行完了 ===
[2025-03-30 22:43:05] INFO [APIServer] シフト生成リクエストを受信
[2025-03-30 22:43:05] INFO [APIServer] JSONデータの変換を開始
[2025-03-30 22:43:05] INFO [APIServer] データの変換を開始
[2025-03-30 22:43:05] INFO [APIServer] データ変換完了
[2025-03-30 22:43:05] INFO [APIServer] インスタンス化を開始
[2025-03-30 22:43:05] INFO [APIServer] インスタンス化完了
[2025-03-30 22:43:05] INFO [APIServer] 事前チェックを開始
[2025-03-30 22:43:05] INFO [APIServer] 事前チェック完了
[2025-03-30 22:43:07] DEBUG [APIServer] === ソルバー実行完了 ===
[2025-03-30 22:43:18] INFO [APIServer] シフト生成リクエストを受信
[2025-03-30 22:43:18] INFO [APIServer] JSONデータの変換を開始
[2025-03-30 22:43:18] INFO [APIServer] データの変換を開始
[2025-03-30 22:43:18] INFO [APIServer] データ変換完了
[2025-03-30 22:43:18] INFO [APIServer] インスタンス化を開始
[2025-03-30 22:43:18] INFO [APIServer] インスタンス化完了
[2025-03-30 22:43:18] INFO [APIServer] 事前チェックを開始
[2025-03-30 22:43:18] INFO [APIServer] 事前チェック完了
[2025-03-30 22:43:19] DEBUG [APIServer] === ソルバー実行完了 ===
[2025-03-30 22:43:31] INFO [APIServer] シフト生成リクエストを受信
[2025-03-30 22:43:31] INFO [APIServer] JSONデータの変換を開始
[2025-03-30 22:43:31] INFO [APIServer] データの変換を開始
[2025-03-30 22:43:31] INFO [APIServer] データ変換完了
[2025-03-30 22:43:31] INFO [APIServer] インスタンス化を開始
[2025-03-30 22:43:31] INFO [APIServer] インスタンス化完了
[2025-03-30 22:43:31] INFO [APIServer] 事前チェックを開始
[2025-03-30 22:43:31] INFO [APIServer] 事前チェック完了
[2025-03-30 22:43:32] DEBUG [APIServer] === ソルバー実行完了 ===
[2025-03-30 22:43:41] INFO [APIServer] シフト生成リクエストを受信
[2025-03-30 22:43:41] INFO [APIServer] JSONデータの変換を開始
[2025-03-30 22:43:41] INFO [APIServer] データの変換を開始
[2025-03-30 22:43:41] INFO [APIServer] データ変換完了
[2025-03-30 22:43:41] INFO [APIServer] インスタンス化を開始
[2025-03-30 22:43:41] INFO [APIServer] インスタンス化完了
[2025-03-30 22:43:41] INFO [APIServer] 事前チェックを開始
[2025-03-30 22:43:41] INFO [APIServer] 事前チェック完了
[2025-03-30 22:43:42] DEBUG [APIServer] === ソルバー実行完了 ===
[2025-03-30 22:54:16] INFO [APIServer] シフト生成リクエストを受信
[2025-03-30 22:54:17] INFO [APIServer] JSONデータの変換を開始
[2025-03-30 22:54:17] INFO [APIServer] データの変換を開始
[2025-03-30 22:54:17] INFO [APIServer] データ変換完了
[2025-03-30 22:54:17] INFO [APIServer] インスタンス化を開始
[2025-03-30 22:54:17] INFO [APIServer] インスタンス化完了
[2025-03-30 22:54:17] INFO [APIServer] 事前チェックを開始
[2025-03-30 22:54:17] INFO [APIServer] 事前チェック完了
[2025-03-30 22:54:18] DEBUG [APIServer] === ソルバー実行完了 ===
[2025-03-30 22:54:42] INFO [APIServer] シフト生成リクエストを受信
[2025-03-30 22:54:42] INFO [APIServer] JSONデータの変換を開始
[2025-03-30 22:54:42] INFO [APIServer] データの変換を開始
[2025-03-30 22:54:42] INFO [APIServer] データ変換完了
[2025-03-30 22:54:42] INFO [APIServer] インスタンス化を開始
[2025-03-30 22:54:42] INFO [APIServer] インスタンス化完了
[2025-03-30 22:54:42] INFO [APIServer] 事前チェックを開始
[2025-03-30 22:54:42] INFO [APIServer] 事前チェック完了
[2025-03-30 22:54:43] DEBUG [APIServer] === ソルバー実行完了 ===
Logger initialization test
[2025-03-30 23:05:02] INFO [APIServer] Logger initialized: C:\Users\daigo\Desktop\shift\api\logs\apidebug_20250330.log
[2025-03-30 23:05:03] INFO [APIServer] APIサーバー起動
[2025-03-30 23:05:03] DEBUG [APIServer] ログシステム初期化完了
[2025-03-30 23:05:03] DEBUG [APIServer] アプリケーション起動
[2025-03-30 23:05:03] INFO [APIServer] Firestoreリスナー開始
[2025-03-30 23:05:03] INFO [APIServer] デバッグ用Firestoreリスナー開始
[2025-03-30 23:05:20] INFO [APIServer] シフト生成リクエストを受信
[2025-03-30 23:05:20] INFO [APIServer] JSONデータの変換を開始
[2025-03-30 23:05:20] INFO [APIServer] データの変換を開始
[2025-03-30 23:05:20] INFO [APIServer] データ変換完了
[2025-03-30 23:05:20] INFO [APIServer] インスタンス化を開始
[2025-03-30 23:05:20] INFO [APIServer] インスタンス化完了
[2025-03-30 23:05:20] INFO [APIServer] 事前チェックを開始
[2025-03-30 23:05:20] INFO [APIServer] 事前チェックでエラーが検出されました
[2025-03-30 23:05:58] INFO [APIServer] シフト生成リクエストを受信
[2025-03-30 23:05:59] INFO [APIServer] JSONデータの変換を開始
[2025-03-30 23:05:59] INFO [APIServer] データの変換を開始
[2025-03-30 23:05:59] INFO [APIServer] データ変換完了
[2025-03-30 23:05:59] INFO [APIServer] インスタンス化を開始
[2025-03-30 23:05:59] INFO [APIServer] インスタンス化完了
[2025-03-30 23:05:59] INFO [APIServer] 事前チェックを開始
[2025-03-30 23:05:59] INFO [APIServer] 事前チェックでエラーが検出されました
[2025-03-30 23:06:44] INFO [APIServer] シフト生成リクエストを受信
[2025-03-30 23:06:44] INFO [APIServer] JSONデータの変換を開始
[2025-03-30 23:06:44] INFO [APIServer] データの変換を開始
[2025-03-30 23:06:44] INFO [APIServer] データ変換完了
[2025-03-30 23:06:44] INFO [APIServer] インスタンス化を開始
[2025-03-30 23:06:44] INFO [APIServer] インスタンス化完了
[2025-03-30 23:06:44] INFO [APIServer] 事前チェックを開始
[2025-03-30 23:06:44] INFO [APIServer] 事前チェックでエラーが検出されました
[2025-03-30 23:07:27] INFO [APIServer] シフト生成リクエストを受信
[2025-03-30 23:07:27] INFO [APIServer] JSONデータの変換を開始
[2025-03-30 23:07:27] INFO [APIServer] データの変換を開始
[2025-03-30 23:07:27] INFO [APIServer] データ変換完了
[2025-03-30 23:07:27] INFO [APIServer] インスタンス化を開始
[2025-03-30 23:07:27] INFO [APIServer] インスタンス化完了
[2025-03-30 23:07:27] INFO [APIServer] 事前チェックを開始
[2025-03-30 23:07:27] INFO [APIServer] 事前チェックでエラーが検出されました
[2025-03-30 23:07:36] INFO [APIServer] シフト生成リクエストを受信
[2025-03-30 23:07:36] INFO [APIServer] JSONデータの変換を開始
[2025-03-30 23:07:36] INFO [APIServer] データの変換を開始
[2025-03-30 23:07:36] INFO [APIServer] データ変換完了
[2025-03-30 23:07:36] INFO [APIServer] インスタンス化を開始
[2025-03-30 23:07:36] INFO [APIServer] インスタンス化完了
[2025-03-30 23:07:36] INFO [APIServer] 事前チェックを開始
[2025-03-30 23:07:36] INFO [APIServer] 事前チェックでエラーが検出されました
[2025-03-30 23:08:01] INFO [APIServer] シフト生成リクエストを受信
[2025-03-30 23:08:01] INFO [APIServer] JSONデータの変換を開始
[2025-03-30 23:08:01] INFO [APIServer] データの変換を開始
[2025-03-30 23:08:01] INFO [APIServer] データ変換完了
[2025-03-30 23:08:01] INFO [APIServer] インスタンス化を開始
[2025-03-30 23:08:01] INFO [APIServer] インスタンス化完了
[2025-03-30 23:08:01] INFO [APIServer] 事前チェックを開始
[2025-03-30 23:08:01] INFO [APIServer] 事前チェックでエラーが検出されました
[2025-03-30 23:09:00] INFO [APIServer] シフト生成リクエストを受信
[2025-03-30 23:09:00] INFO [APIServer] JSONデータの変換を開始
[2025-03-30 23:09:00] INFO [APIServer] データの変換を開始
[2025-03-30 23:09:00] INFO [APIServer] データ変換完了
[2025-03-30 23:09:00] INFO [APIServer] インスタンス化を開始
[2025-03-30 23:09:00] INFO [APIServer] インスタンス化完了
[2025-03-30 23:09:00] INFO [APIServer] 事前チェックを開始
[2025-03-30 23:09:00] INFO [APIServer] 事前チェックでエラーが検出されました
[2025-03-30 23:09:15] INFO [APIServer] シフト生成リクエストを受信
[2025-03-30 23:09:15] INFO [APIServer] JSONデータの変換を開始
[2025-03-30 23:09:15] INFO [APIServer] データの変換を開始
[2025-03-30 23:09:15] INFO [APIServer] データ変換完了
[2025-03-30 23:09:15] INFO [APIServer] インスタンス化を開始
[2025-03-30 23:09:15] INFO [APIServer] インスタンス化完了
[2025-03-30 23:09:15] INFO [APIServer] 事前チェックを開始
[2025-03-30 23:09:15] INFO [APIServer] 事前チェックでエラーが検出されました
[2025-03-30 23:09:34] INFO [APIServer] シフト生成リクエストを受信
[2025-03-30 23:09:34] INFO [APIServer] JSONデータの変換を開始
[2025-03-30 23:09:34] INFO [APIServer] データの変換を開始
[2025-03-30 23:09:34] INFO [APIServer] データ変換完了
[2025-03-30 23:09:34] INFO [APIServer] インスタンス化を開始
[2025-03-30 23:09:34] INFO [APIServer] インスタンス化完了
[2025-03-30 23:09:34] INFO [APIServer] 事前チェックを開始
[2025-03-30 23:09:34] INFO [APIServer] 事前チェック完了
[2025-03-30 23:09:36] DEBUG [APIServer] === ソルバー実行完了 ===
[2025-03-30 23:09:55] INFO [APIServer] シフト生成リクエストを受信
[2025-03-30 23:09:55] INFO [APIServer] JSONデータの変換を開始
[2025-03-30 23:09:55] INFO [APIServer] データの変換を開始
[2025-03-30 23:09:55] INFO [APIServer] データ変換完了
[2025-03-30 23:09:55] INFO [APIServer] インスタンス化を開始
[2025-03-30 23:09:55] INFO [APIServer] インスタンス化完了
[2025-03-30 23:09:55] INFO [APIServer] 事前チェックを開始
[2025-03-30 23:09:55] INFO [APIServer] 事前チェックでエラーが検出されました
[2025-03-30 23:10:18] INFO [APIServer] シフト生成リクエストを受信
[2025-03-30 23:10:18] INFO [APIServer] JSONデータの変換を開始
[2025-03-30 23:10:18] INFO [APIServer] データの変換を開始
[2025-03-30 23:10:18] INFO [APIServer] データ変換完了
[2025-03-30 23:10:18] INFO [APIServer] インスタンス化を開始
[2025-03-30 23:10:18] INFO [APIServer] インスタンス化完了
[2025-03-30 23:10:18] INFO [APIServer] 事前チェックを開始
[2025-03-30 23:10:18] INFO [APIServer] 事前チェックでエラーが検出されました
[2025-03-30 23:10:28] INFO [APIServer] シフト生成リクエストを受信
[2025-03-30 23:10:28] INFO [APIServer] JSONデータの変換を開始
[2025-03-30 23:10:28] INFO [APIServer] データの変換を開始
[2025-03-30 23:10:28] INFO [APIServer] データ変換完了
[2025-03-30 23:10:28] INFO [APIServer] インスタンス化を開始
[2025-03-30 23:10:28] INFO [APIServer] インスタンス化完了
[2025-03-30 23:10:28] INFO [APIServer] 事前チェックを開始
[2025-03-30 23:10:28] INFO [APIServer] 事前チェック完了
[2025-03-30 23:10:30] DEBUG [APIServer] === ソルバー実行完了 ===
[2025-03-30 23:10:44] INFO [APIServer] シフト生成リクエストを受信
[2025-03-30 23:10:44] INFO [APIServer] JSONデータの変換を開始
[2025-03-30 23:10:44] INFO [APIServer] データの変換を開始
[2025-03-30 23:10:44] INFO [APIServer] データ変換完了
[2025-03-30 23:10:44] INFO [APIServer] インスタンス化を開始
[2025-03-30 23:10:44] INFO [APIServer] インスタンス化完了
[2025-03-30 23:10:44] INFO [APIServer] 事前チェックを開始
[2025-03-30 23:10:44] INFO [APIServer] 事前チェック完了
[2025-03-30 23:10:46] DEBUG [APIServer] === ソルバー実行完了 ===
[2025-03-30 23:10:53] INFO [APIServer] シフト生成リクエストを受信
[2025-03-30 23:10:53] INFO [APIServer] JSONデータの変換を開始
[2025-03-30 23:10:53] INFO [APIServer] データの変換を開始
[2025-03-30 23:10:53] INFO [APIServer] データ変換完了
[2025-03-30 23:10:53] INFO [APIServer] インスタンス化を開始
[2025-03-30 23:10:53] INFO [APIServer] インスタンス化完了
[2025-03-30 23:10:53] INFO [APIServer] 事前チェックを開始
[2025-03-30 23:10:53] INFO [APIServer] 事前チェックでエラーが検出されました
[2025-03-30 23:11:35] INFO [APIServer] シフト生成リクエストを受信
[2025-03-30 23:11:35] INFO [APIServer] JSONデータの変換を開始
[2025-03-30 23:11:35] INFO [APIServer] データの変換を開始
[2025-03-30 23:11:35] INFO [APIServer] データ変換完了
[2025-03-30 23:11:35] INFO [APIServer] インスタンス化を開始
[2025-03-30 23:11:35] INFO [APIServer] インスタンス化完了
[2025-03-30 23:11:35] INFO [APIServer] 事前チェックを開始
[2025-03-30 23:11:35] INFO [APIServer] 事前チェックでエラーが検出されました
[2025-03-30 23:12:02] INFO [APIServer] シフト生成リクエストを受信
[2025-03-30 23:12:02] INFO [APIServer] JSONデータの変換を開始
[2025-03-30 23:12:02] INFO [APIServer] データの変換を開始
[2025-03-30 23:12:02] INFO [APIServer] データ変換完了
[2025-03-30 23:12:02] INFO [APIServer] インスタンス化を開始
[2025-03-30 23:12:02] INFO [APIServer] インスタンス化完了
[2025-03-30 23:12:02] INFO [APIServer] 事前チェックを開始
[2025-03-30 23:12:02] INFO [APIServer] 事前チェックでエラーが検出されました
[2025-03-30 23:28:04] INFO [APIServer] シフト生成リクエストを受信
[2025-03-30 23:28:04] INFO [APIServer] JSONデータの変換を開始
[2025-03-30 23:28:04] INFO [APIServer] データの変換を開始
[2025-03-30 23:28:04] INFO [APIServer] データ変換完了
[2025-03-30 23:28:04] INFO [APIServer] インスタンス化を開始
[2025-03-30 23:28:04] INFO [APIServer] インスタンス化完了
[2025-03-30 23:28:04] INFO [APIServer] 事前チェックを開始
[2025-03-30 23:28:04] INFO [APIServer] 事前チェックでエラーが検出されました
Logger initialization test
[2025-03-30 23:28:15] INFO [APIServer] Logger initialized: C:\Users\daigo\Desktop\shift\api\logs\apidebug_20250330.log
[2025-03-30 23:28:15] INFO [APIServer] APIサーバー起動
[2025-03-30 23:28:15] DEBUG [APIServer] ログシステム初期化完了
[2025-03-30 23:28:15] DEBUG [APIServer] アプリケーション起動
[2025-03-30 23:28:15] INFO [APIServer] Firestoreリスナー開始
[2025-03-30 23:28:15] INFO [APIServer] デバッグ用Firestoreリスナー開始
[2025-03-30 23:38:30] INFO [APIServer] シフト生成リクエストを受信
[2025-03-30 23:38:30] INFO [APIServer] JSONデータの変換を開始
[2025-03-30 23:38:30] INFO [APIServer] データの変換を開始
[2025-03-30 23:38:30] INFO [APIServer] データ変換完了
[2025-03-30 23:38:30] INFO [APIServer] インスタンス化を開始
[2025-03-30 23:38:30] INFO [APIServer] インスタンス化完了
[2025-03-30 23:38:30] INFO [APIServer] 事前チェックを開始
[2025-03-30 23:38:30] INFO [APIServer] 事前チェック完了
[2025-03-30 23:38:32] DEBUG [APIServer] === ソルバー実行完了 ===
[2025-03-30 23:38:49] INFO [APIServer] シフト生成リクエストを受信
[2025-03-30 23:38:49] INFO [APIServer] JSONデータの変換を開始
[2025-03-30 23:38:49] INFO [APIServer] データの変換を開始
[2025-03-30 23:38:49] INFO [APIServer] データ変換完了
[2025-03-30 23:38:49] INFO [APIServer] インスタンス化を開始
[2025-03-30 23:38:49] INFO [APIServer] インスタンス化完了
[2025-03-30 23:38:49] INFO [APIServer] 事前チェックを開始
[2025-03-30 23:38:49] INFO [APIServer] 事前チェック完了
[2025-03-30 23:38:50] DEBUG [APIServer] === ソルバー実行完了 ===
[2025-03-30 23:39:11] INFO [APIServer] シフト生成リクエストを受信
[2025-03-30 23:39:11] INFO [APIServer] JSONデータの変換を開始
[2025-03-30 23:39:11] INFO [APIServer] データの変換を開始
[2025-03-30 23:39:11] INFO [APIServer] データ変換完了
[2025-03-30 23:39:11] INFO [APIServer] インスタンス化を開始
[2025-03-30 23:39:11] INFO [APIServer] インスタンス化完了
[2025-03-30 23:39:11] INFO [APIServer] 事前チェックを開始
[2025-03-30 23:39:11] INFO [APIServer] 事前チェック完了
[2025-03-30 23:39:13] DEBUG [APIServer] === ソルバー実行完了 ===
[2025-03-30 23:41:36] INFO [APIServer] シフト生成リクエストを受信
[2025-03-30 23:41:36] INFO [APIServer] JSONデータの変換を開始
[2025-03-30 23:41:36] INFO [APIServer] データの変換を開始
[2025-03-30 23:41:36] INFO [APIServer] データ変換完了
[2025-03-30 23:41:36] INFO [APIServer] インスタンス化を開始
[2025-03-30 23:41:36] INFO [APIServer] インスタンス化完了
[2025-03-30 23:41:36] INFO [APIServer] 事前チェックを開始
[2025-03-30 23:41:36] INFO [APIServer] 事前チェック完了
[2025-03-30 23:41:39] DEBUG [APIServer] === ソルバー実行完了 ===
[2025-03-30 23:41:44] INFO [APIServer] シフト生成リクエストを受信
[2025-03-30 23:41:44] INFO [APIServer] JSONデータの変換を開始
[2025-03-30 23:41:44] INFO [APIServer] データの変換を開始
[2025-03-30 23:41:44] INFO [APIServer] データ変換完了
[2025-03-30 23:41:44] INFO [APIServer] インスタンス化を開始
[2025-03-30 23:41:44] INFO [APIServer] インスタンス化完了
[2025-03-30 23:41:44] INFO [APIServer] 事前チェックを開始
[2025-03-30 23:41:44] INFO [APIServer] 事前チェックでエラーが検出されました
[2025-03-30 23:41:54] INFO [APIServer] シフト生成リクエストを受信
[2025-03-30 23:41:54] INFO [APIServer] JSONデータの変換を開始
[2025-03-30 23:41:54] INFO [APIServer] データの変換を開始
[2025-03-30 23:41:54] INFO [APIServer] データ変換完了
[2025-03-30 23:41:54] INFO [APIServer] インスタンス化を開始
[2025-03-30 23:41:54] INFO [APIServer] インスタンス化完了
[2025-03-30 23:41:54] INFO [APIServer] 事前チェックを開始
[2025-03-30 23:41:54] INFO [APIServer] 事前チェックでエラーが検出されました
[2025-03-30 23:42:03] INFO [APIServer] シフト生成リクエストを受信
[2025-03-30 23:42:03] INFO [APIServer] JSONデータの変換を開始
[2025-03-30 23:42:03] INFO [APIServer] データの変換を開始
[2025-03-30 23:42:03] INFO [APIServer] データ変換完了
[2025-03-30 23:42:03] INFO [APIServer] インスタンス化を開始
[2025-03-30 23:42:03] INFO [APIServer] インスタンス化完了
[2025-03-30 23:42:03] INFO [APIServer] 事前チェックを開始
[2025-03-30 23:42:03] INFO [APIServer] 事前チェック完了
[2025-03-30 23:42:05] DEBUG [APIServer] === ソルバー実行完了 ===
[2025-03-30 23:44:00] INFO [APIServer] シフト生成リクエストを受信
[2025-03-30 23:44:00] INFO [APIServer] JSONデータの変換を開始
[2025-03-30 23:44:00] INFO [APIServer] データの変換を開始
[2025-03-30 23:44:00] INFO [APIServer] データ変換完了
[2025-03-30 23:44:00] INFO [APIServer] インスタンス化を開始
[2025-03-30 23:44:00] INFO [APIServer] インスタンス化完了
[2025-03-30 23:44:00] INFO [APIServer] 事前チェックを開始
[2025-03-30 23:44:00] INFO [APIServer] 事前チェックでエラーが検出されました
[2025-03-30 23:44:11] INFO [APIServer] シフト生成リクエストを受信
[2025-03-30 23:44:11] INFO [APIServer] JSONデータの変換を開始
[2025-03-30 23:44:11] INFO [APIServer] データの変換を開始
[2025-03-30 23:44:11] INFO [APIServer] データ変換完了
[2025-03-30 23:44:11] INFO [APIServer] インスタンス化を開始
[2025-03-30 23:44:12] INFO [APIServer] インスタンス化完了
[2025-03-30 23:44:12] INFO [APIServer] 事前チェックを開始
[2025-03-30 23:44:12] INFO [APIServer] 事前チェックでエラーが検出されました
[2025-03-30 23:49:59] INFO [APIServer] シフト生成リクエストを受信
[2025-03-30 23:49:59] INFO [APIServer] JSONデータの変換を開始
[2025-03-30 23:49:59] INFO [APIServer] データの変換を開始
[2025-03-30 23:49:59] INFO [APIServer] データ変換完了
[2025-03-30 23:49:59] INFO [APIServer] インスタンス化を開始
[2025-03-30 23:49:59] INFO [APIServer] インスタンス化完了
[2025-03-30 23:49:59] INFO [APIServer] 事前チェックを開始
[2025-03-30 23:49:59] INFO [APIServer] 事前チェックでエラーが検出されました
[2025-03-31 00:57:30] INFO [APIServer] シフト生成リクエストを受信
[2025-03-31 00:57:30] INFO [APIServer] JSONデータの変換を開始
[2025-03-31 00:57:30] INFO [APIServer] データの変換を開始
[2025-03-31 00:57:30] INFO [APIServer] データ変換完了
[2025-03-31 00:57:30] INFO [APIServer] インスタンス化を開始
[2025-03-31 00:57:30] INFO [APIServer] インスタンス化完了
[2025-03-31 00:57:30] INFO [APIServer] 事前チェックを開始
[2025-03-31 00:57:30] INFO [APIServer] 事前チェックでエラーが検出されました
[2025-03-31 00:58:29] INFO [APIServer] シフト生成リクエストを受信
[2025-03-31 00:58:30] INFO [APIServer] JSONデータの変換を開始
[2025-03-31 00:58:30] INFO [APIServer] データの変換を開始
[2025-03-31 00:58:30] INFO [APIServer] データ変換完了
[2025-03-31 00:58:30] INFO [APIServer] インスタンス化を開始
[2025-03-31 00:58:30] INFO [APIServer] インスタンス化完了
[2025-03-31 00:58:30] INFO [APIServer] 事前チェックを開始
[2025-03-31 00:58:30] INFO [APIServer] 事前チェックでエラーが検出されました
[2025-03-31 00:58:55] INFO [APIServer] シフト生成リクエストを受信
[2025-03-31 00:58:55] INFO [APIServer] JSONデータの変換を開始
[2025-03-31 00:58:55] INFO [APIServer] データの変換を開始
[2025-03-31 00:58:55] INFO [APIServer] データ変換完了
[2025-03-31 00:58:55] INFO [APIServer] インスタンス化を開始
[2025-03-31 00:58:55] INFO [APIServer] インスタンス化完了
[2025-03-31 00:58:55] INFO [APIServer] 事前チェックを開始
[2025-03-31 00:58:55] INFO [APIServer] 事前チェック完了
[2025-03-31 00:58:57] DEBUG [APIServer] === ソルバー実行完了 ===
[2025-03-31 00:59:17] INFO [APIServer] シフト生成リクエストを受信
[2025-03-31 00:59:17] INFO [APIServer] JSONデータの変換を開始
[2025-03-31 00:59:17] INFO [APIServer] データの変換を開始
[2025-03-31 00:59:17] INFO [APIServer] データ変換完了
[2025-03-31 00:59:17] INFO [APIServer] インスタンス化を開始
[2025-03-31 00:59:17] INFO [APIServer] インスタンス化完了
[2025-03-31 00:59:17] INFO [APIServer] 事前チェックを開始
[2025-03-31 00:59:17] INFO [APIServer] 事前チェックでエラーが検出されました
[2025-03-31 00:59:36] INFO [APIServer] シフト生成リクエストを受信
[2025-03-31 00:59:36] INFO [APIServer] JSONデータの変換を開始
[2025-03-31 00:59:36] INFO [APIServer] データの変換を開始
[2025-03-31 00:59:36] INFO [APIServer] データ変換完了
[2025-03-31 00:59:36] INFO [APIServer] インスタンス化を開始
[2025-03-31 00:59:36] INFO [APIServer] インスタンス化完了
[2025-03-31 00:59:36] INFO [APIServer] 事前チェックを開始
[2025-03-31 00:59:37] INFO [APIServer] 事前チェックでエラーが検出されました
[2025-03-31 00:59:58] INFO [APIServer] シフト生成リクエストを受信
[2025-03-31 00:59:58] INFO [APIServer] JSONデータの変換を開始
[2025-03-31 00:59:58] INFO [APIServer] データの変換を開始
[2025-03-31 00:59:58] INFO [APIServer] データ変換完了
[2025-03-31 00:59:58] INFO [APIServer] インスタンス化を開始
[2025-03-31 00:59:58] INFO [APIServer] インスタンス化完了
[2025-03-31 00:59:58] INFO [APIServer] 事前チェックを開始
[2025-03-31 00:59:59] INFO [APIServer] 事前チェックでエラーが検出されました
[2025-03-31 01:00:09] INFO [APIServer] シフト生成リクエストを受信
[2025-03-31 01:00:09] INFO [APIServer] JSONデータの変換を開始
[2025-03-31 01:00:09] INFO [APIServer] データの変換を開始
[2025-03-31 01:00:09] INFO [APIServer] データ変換完了
[2025-03-31 01:00:09] INFO [APIServer] インスタンス化を開始
[2025-03-31 01:00:09] INFO [APIServer] インスタンス化完了
[2025-03-31 01:00:09] INFO [APIServer] 事前チェックを開始
[2025-03-31 01:00:09] INFO [APIServer] 事前チェックでエラーが検出されました
[2025-03-31 01:00:17] INFO [APIServer] シフト生成リクエストを受信
[2025-03-31 01:00:17] INFO [APIServer] JSONデータの変換を開始
[2025-03-31 01:00:17] INFO [APIServer] データの変換を開始
[2025-03-31 01:00:17] INFO [APIServer] データ変換完了
[2025-03-31 01:00:17] INFO [APIServer] インスタンス化を開始
[2025-03-31 01:00:17] INFO [APIServer] インスタンス化完了
[2025-03-31 01:00:17] INFO [APIServer] 事前チェックを開始
[2025-03-31 01:00:17] INFO [APIServer] 事前チェックでエラーが検出されました
[2025-03-31 01:00:28] INFO [APIServer] シフト生成リクエストを受信
[2025-03-31 01:00:28] INFO [APIServer] JSONデータの変換を開始
[2025-03-31 01:00:28] INFO [APIServer] データの変換を開始
[2025-03-31 01:00:28] INFO [APIServer] データ変換完了
[2025-03-31 01:00:28] INFO [APIServer] インスタンス化を開始
[2025-03-31 01:00:28] INFO [APIServer] インスタンス化完了
[2025-03-31 01:00:28] INFO [APIServer] 事前チェックを開始
[2025-03-31 01:00:28] INFO [APIServer] 事前チェック完了
[2025-03-31 01:00:30] DEBUG [APIServer] === ソルバー実行完了 ===
