Logger initialization test
[2025-02-16 21:39:15] INFO [APIServer] Logger initialized: C:\Users\daigo\Desktop\shift\api\logs\apidebug_20250216.log
[2025-02-16 21:39:16] INFO [APIServer] APIサーバー起動
[2025-02-16 21:39:16] DEBUG [APIServer] ログシステム初期化完了
[2025-02-16 21:39:16] DEBUG [APIServer] アプリケーション起動
[2025-02-16 21:39:16] INFO [APIServer] Firestoreリスナー開始
Logger initialization test
[2025-02-16 21:40:55] INFO [APIServer] Logger initialized: C:\Users\daigo\Desktop\shift\api\logs\apidebug_20250216.log
[2025-02-16 21:40:55] INFO [APIServer] APIサーバー起動
[2025-02-16 21:40:55] DEBUG [APIServer] ログシステム初期化完了
[2025-02-16 21:40:55] DEBUG [APIServer] アプリケーション起動
[2025-02-16 21:40:55] INFO [APIServer] Firestoreリスナー開始
[2025-02-16 21:40:55] INFO [APIServer] シフト生成リクエストを受信
[2025-02-16 21:40:55] INFO [APIServer] JSONデータの変換を開始
[2025-02-16 21:40:55] INFO [APIServer] データの変換を開始
[2025-02-16 21:40:55] INFO [APIServer] データ変換完了
[2025-02-16 21:40:55] INFO [APIServer] インスタンス化を開始
[2025-02-16 21:40:55] INFO [APIServer] インスタンス化完了
[2025-02-16 21:40:55] INFO [APIServer] 事前チェックを開始
[2025-02-16 21:40:56] INFO [APIServer] 事前チェックでエラーが検出されました
[2025-02-16 21:40:56] INFO [APIServer] デバッグ用シフト生成リクエストを受信
[2025-02-16 21:40:56] ERROR [APIServer] デバッグ生成中にエラー: 'staffData'
[2025-02-16 21:41:14] INFO [APIServer] シフト生成リクエストを受信
[2025-02-16 21:41:14] INFO [APIServer] JSONデータの変換を開始
[2025-02-16 21:41:14] INFO [APIServer] データの変換を開始
[2025-02-16 21:41:14] INFO [APIServer] データ変換完了
[2025-02-16 21:41:14] INFO [APIServer] インスタンス化を開始
[2025-02-16 21:41:14] INFO [APIServer] インスタンス化完了
[2025-02-16 21:41:14] INFO [APIServer] 事前チェックを開始
[2025-02-16 21:41:14] INFO [APIServer] 事前チェックでエラーが検出されました
[2025-02-16 21:42:33] INFO [APIServer] シフト生成リクエストを受信
[2025-02-16 21:42:33] INFO [APIServer] JSONデータの変換を開始
[2025-02-16 21:42:33] INFO [APIServer] データの変換を開始
[2025-02-16 21:42:33] INFO [APIServer] データ変換完了
[2025-02-16 21:42:33] INFO [APIServer] インスタンス化を開始
[2025-02-16 21:42:33] INFO [APIServer] インスタンス化完了
[2025-02-16 21:42:33] INFO [APIServer] 事前チェックを開始
[2025-02-16 21:42:33] INFO [APIServer] 事前チェックでエラーが検出されました
[2025-02-16 21:43:03] INFO [APIServer] シフト生成リクエストを受信
[2025-02-16 21:43:03] INFO [APIServer] JSONデータの変換を開始
[2025-02-16 21:43:03] INFO [APIServer] データの変換を開始
[2025-02-16 21:43:03] INFO [APIServer] データ変換完了
[2025-02-16 21:43:03] INFO [APIServer] インスタンス化を開始
[2025-02-16 21:43:03] INFO [APIServer] インスタンス化完了
[2025-02-16 21:43:03] INFO [APIServer] 事前チェックを開始
[2025-02-16 21:43:03] INFO [APIServer] 事前チェックでエラーが検出されました
[2025-02-16 21:43:19] INFO [APIServer] シフト生成リクエストを受信
[2025-02-16 21:43:19] INFO [APIServer] JSONデータの変換を開始
[2025-02-16 21:43:19] INFO [APIServer] データの変換を開始
[2025-02-16 21:43:19] INFO [APIServer] データ変換完了
[2025-02-16 21:43:19] INFO [APIServer] インスタンス化を開始
[2025-02-16 21:43:19] INFO [APIServer] インスタンス化完了
[2025-02-16 21:43:19] INFO [APIServer] 事前チェックを開始
[2025-02-16 21:43:19] INFO [APIServer] 事前チェックでエラーが検出されました
[2025-02-16 21:45:12] INFO [APIServer] シフト生成リクエストを受信
[2025-02-16 21:45:12] INFO [APIServer] JSONデータの変換を開始
[2025-02-16 21:45:12] INFO [APIServer] データの変換を開始
[2025-02-16 21:45:12] INFO [APIServer] データ変換完了
[2025-02-16 21:45:12] INFO [APIServer] インスタンス化を開始
[2025-02-16 21:45:12] INFO [APIServer] インスタンス化完了
[2025-02-16 21:45:12] INFO [APIServer] 事前チェックを開始
[2025-02-16 21:45:12] INFO [APIServer] 事前チェックでエラーが検出されました
Logger initialization test
[2025-02-16 21:45:22] INFO [APIServer] Logger initialized: C:\Users\daigo\Desktop\shift\api\logs\apidebug_20250216.log
[2025-02-16 21:45:22] INFO [APIServer] APIサーバー起動
[2025-02-16 21:45:22] DEBUG [APIServer] ログシステム初期化完了
[2025-02-16 21:45:22] DEBUG [APIServer] アプリケーション起動
[2025-02-16 21:45:22] INFO [APIServer] Firestoreリスナー開始
[2025-02-16 21:45:22] INFO [APIServer] シフト生成リクエストを受信
[2025-02-16 21:45:22] INFO [APIServer] JSONデータの変換を開始
[2025-02-16 21:45:22] INFO [APIServer] データの変換を開始
[2025-02-16 21:45:22] INFO [APIServer] データ変換完了
[2025-02-16 21:45:22] INFO [APIServer] インスタンス化を開始
[2025-02-16 21:45:22] INFO [APIServer] インスタンス化完了
[2025-02-16 21:45:22] INFO [APIServer] 事前チェックを開始
[2025-02-16 21:45:22] INFO [APIServer] 事前チェックでエラーが検出されました
[2025-02-16 21:45:27] INFO [APIServer] シフト生成リクエストを受信
[2025-02-16 21:45:27] INFO [APIServer] JSONデータの変換を開始
[2025-02-16 21:45:27] INFO [APIServer] データの変換を開始
[2025-02-16 21:45:27] INFO [APIServer] データ変換完了
[2025-02-16 21:45:27] INFO [APIServer] インスタンス化を開始
[2025-02-16 21:45:27] INFO [APIServer] インスタンス化完了
[2025-02-16 21:45:27] INFO [APIServer] 事前チェックを開始
[2025-02-16 21:45:27] INFO [APIServer] 事前チェックでエラーが検出されました
[2025-02-16 21:48:00] INFO [APIServer] シフト生成リクエストを受信
[2025-02-16 21:48:00] INFO [APIServer] JSONデータの変換を開始
[2025-02-16 21:48:00] INFO [APIServer] データの変換を開始
[2025-02-16 21:48:00] INFO [APIServer] データ変換完了
[2025-02-16 21:48:00] INFO [APIServer] インスタンス化を開始
[2025-02-16 21:48:00] INFO [APIServer] インスタンス化完了
[2025-02-16 21:48:00] INFO [APIServer] 事前チェックを開始
[2025-02-16 21:48:00] INFO [APIServer] 事前チェックでエラーが検出されました
[2025-02-16 21:48:09] INFO [APIServer] シフト生成リクエストを受信
[2025-02-16 21:48:09] INFO [APIServer] JSONデータの変換を開始
[2025-02-16 21:48:09] INFO [APIServer] データの変換を開始
[2025-02-16 21:48:09] INFO [APIServer] データ変換完了
[2025-02-16 21:48:09] INFO [APIServer] インスタンス化を開始
[2025-02-16 21:48:09] INFO [APIServer] インスタンス化完了
[2025-02-16 21:48:09] INFO [APIServer] 事前チェックを開始
[2025-02-16 21:48:09] INFO [APIServer] 事前チェック完了
[2025-02-16 21:48:25] DEBUG [APIServer] === ソルバー実行完了 ===
[2025-02-16 21:48:32] INFO [APIServer] シフト生成リクエストを受信
[2025-02-16 21:48:32] INFO [APIServer] JSONデータの変換を開始
[2025-02-16 21:48:32] INFO [APIServer] データの変換を開始
[2025-02-16 21:48:32] INFO [APIServer] データ変換完了
[2025-02-16 21:48:32] INFO [APIServer] インスタンス化を開始
[2025-02-16 21:48:32] INFO [APIServer] インスタンス化完了
[2025-02-16 21:48:32] INFO [APIServer] 事前チェックを開始
[2025-02-16 21:48:32] INFO [APIServer] 事前チェックでエラーが検出されました
[2025-02-16 21:49:42] INFO [APIServer] シフト生成リクエストを受信
[2025-02-16 21:49:42] INFO [APIServer] JSONデータの変換を開始
[2025-02-16 21:49:42] INFO [APIServer] データの変換を開始
[2025-02-16 21:49:42] INFO [APIServer] データ変換完了
[2025-02-16 21:49:42] INFO [APIServer] インスタンス化を開始
[2025-02-16 21:49:42] INFO [APIServer] インスタンス化完了
[2025-02-16 21:49:42] INFO [APIServer] 事前チェックを開始
[2025-02-16 21:49:42] INFO [APIServer] 事前チェックでエラーが検出されました
[2025-02-16 21:53:06] INFO [APIServer] シフト生成リクエストを受信
[2025-02-16 21:53:06] INFO [APIServer] JSONデータの変換を開始
[2025-02-16 21:53:06] INFO [APIServer] データの変換を開始
[2025-02-16 21:53:06] INFO [APIServer] データ変換完了
[2025-02-16 21:53:06] INFO [APIServer] インスタンス化を開始
[2025-02-16 21:53:06] INFO [APIServer] インスタンス化完了
[2025-02-16 21:53:06] INFO [APIServer] 事前チェックを開始
[2025-02-16 21:53:06] INFO [APIServer] 事前チェックでエラーが検出されました
[2025-02-16 21:53:11] INFO [APIServer] シフト生成リクエストを受信
[2025-02-16 21:53:11] INFO [APIServer] JSONデータの変換を開始
[2025-02-16 21:53:11] INFO [APIServer] データの変換を開始
[2025-02-16 21:53:11] INFO [APIServer] データ変換完了
[2025-02-16 21:53:11] INFO [APIServer] インスタンス化を開始
[2025-02-16 21:53:11] INFO [APIServer] インスタンス化完了
[2025-02-16 21:53:11] INFO [APIServer] 事前チェックを開始
[2025-02-16 21:53:11] INFO [APIServer] 事前チェックでエラーが検出されました
[2025-02-16 21:53:21] INFO [APIServer] シフト生成リクエストを受信
[2025-02-16 21:53:21] INFO [APIServer] JSONデータの変換を開始
[2025-02-16 21:53:21] INFO [APIServer] データの変換を開始
[2025-02-16 21:53:21] INFO [APIServer] データ変換完了
[2025-02-16 21:53:21] INFO [APIServer] インスタンス化を開始
[2025-02-16 21:53:21] INFO [APIServer] インスタンス化完了
[2025-02-16 21:53:21] INFO [APIServer] 事前チェックを開始
[2025-02-16 21:53:21] INFO [APIServer] 事前チェックでエラーが検出されました
[2025-02-16 21:54:00] INFO [APIServer] シフト生成リクエストを受信
[2025-02-16 21:54:00] INFO [APIServer] JSONデータの変換を開始
[2025-02-16 21:54:00] INFO [APIServer] データの変換を開始
[2025-02-16 21:54:00] INFO [APIServer] データ変換完了
[2025-02-16 21:54:00] INFO [APIServer] インスタンス化を開始
[2025-02-16 21:54:00] INFO [APIServer] インスタンス化完了
[2025-02-16 21:54:00] INFO [APIServer] 事前チェックを開始
[2025-02-16 21:54:00] INFO [APIServer] 事前チェックでエラーが検出されました
[2025-02-16 21:54:04] INFO [APIServer] シフト生成リクエストを受信
[2025-02-16 21:54:04] INFO [APIServer] JSONデータの変換を開始
[2025-02-16 21:54:04] INFO [APIServer] データの変換を開始
[2025-02-16 21:54:04] INFO [APIServer] データ変換完了
[2025-02-16 21:54:04] INFO [APIServer] インスタンス化を開始
[2025-02-16 21:54:04] INFO [APIServer] インスタンス化完了
[2025-02-16 21:54:04] INFO [APIServer] 事前チェックを開始
[2025-02-16 21:54:04] INFO [APIServer] 事前チェックでエラーが検出されました
[2025-02-16 21:54:14] INFO [APIServer] シフト生成リクエストを受信
[2025-02-16 21:54:14] INFO [APIServer] JSONデータの変換を開始
[2025-02-16 21:54:14] INFO [APIServer] データの変換を開始
[2025-02-16 21:54:14] INFO [APIServer] データ変換完了
[2025-02-16 21:54:14] INFO [APIServer] インスタンス化を開始
[2025-02-16 21:54:14] INFO [APIServer] インスタンス化完了
[2025-02-16 21:54:14] INFO [APIServer] 事前チェックを開始
[2025-02-16 21:54:14] INFO [APIServer] 事前チェックでエラーが検出されました
Logger initialization test
[2025-02-16 21:56:36] INFO [APIServer] Logger initialized: C:\Users\daigo\Desktop\shift\api\logs\apidebug_20250216.log
[2025-02-16 21:56:36] INFO [APIServer] APIサーバー起動
[2025-02-16 21:56:36] DEBUG [APIServer] ログシステム初期化完了
[2025-02-16 21:56:36] DEBUG [APIServer] アプリケーション起動
[2025-02-16 21:56:36] INFO [APIServer] Firestoreリスナー開始
[2025-02-16 21:56:36] INFO [APIServer] デバッグ用シフト生成リクエストを受信
[2025-02-16 21:56:36] ERROR [APIServer] デバッグ生成中にエラー: 'staffData'
[2025-02-16 21:56:36] INFO [APIServer] シフト生成リクエストを受信
[2025-02-16 21:56:36] INFO [APIServer] JSONデータの変換を開始
[2025-02-16 21:56:36] INFO [APIServer] データの変換を開始
[2025-02-16 21:56:36] INFO [APIServer] データ変換完了
[2025-02-16 21:56:36] INFO [APIServer] インスタンス化を開始
[2025-02-16 21:56:36] INFO [APIServer] インスタンス化完了
[2025-02-16 21:56:36] INFO [APIServer] 事前チェックを開始
[2025-02-16 21:56:36] INFO [APIServer] 事前チェックでエラーが検出されました
[2025-02-16 21:57:00] INFO [APIServer] デバッグ用シフト生成リクエストを受信
[2025-02-16 21:57:00] ERROR [APIServer] デバッグ生成中にエラー: 'staffData'
[2025-02-16 21:57:36] INFO [APIServer] デバッグ用シフト生成リクエストを受信
[2025-02-16 21:57:36] ERROR [APIServer] デバッグ生成中にエラー: 'staffData'
Logger initialization test
[2025-02-16 22:04:05] INFO [APIServer] Logger initialized: C:\Users\daigo\Desktop\shift\api\logs\apidebug_20250216.log
[2025-02-16 22:04:06] INFO [APIServer] APIサーバー起動
[2025-02-16 22:04:06] DEBUG [APIServer] ログシステム初期化完了
[2025-02-16 22:04:06] DEBUG [APIServer] アプリケーション起動
[2025-02-16 22:04:06] INFO [APIServer] Firestoreリスナー開始
Logger initialization test
[2025-02-16 22:06:57] INFO [APIServer] Logger initialized: C:\Users\daigo\Desktop\shift\api\logs\apidebug_20250216.log
[2025-02-16 22:06:57] INFO [APIServer] APIサーバー起動
[2025-02-16 22:06:57] DEBUG [APIServer] ログシステム初期化完了
[2025-02-16 22:06:57] DEBUG [APIServer] アプリケーション起動
[2025-02-16 22:06:57] INFO [APIServer] Firestoreリスナー開始
[2025-02-16 22:06:57] INFO [APIServer] シフト生成リクエストを受信
[2025-02-16 22:06:57] INFO [APIServer] JSONデータの変換を開始
[2025-02-16 22:06:57] INFO [APIServer] データの変換を開始
[2025-02-16 22:06:57] INFO [APIServer] データ変換完了
[2025-02-16 22:06:57] INFO [APIServer] インスタンス化を開始
[2025-02-16 22:06:57] INFO [APIServer] インスタンス化完了
[2025-02-16 22:06:57] INFO [APIServer] 事前チェックを開始
[2025-02-16 22:06:58] INFO [APIServer] 事前チェックでエラーが検出されました
[2025-02-16 22:07:03] INFO [APIServer] シフト生成リクエストを受信
[2025-02-16 22:07:03] INFO [APIServer] JSONデータの変換を開始
[2025-02-16 22:07:03] INFO [APIServer] データの変換を開始
[2025-02-16 22:07:03] INFO [APIServer] データ変換完了
[2025-02-16 22:07:03] INFO [APIServer] インスタンス化を開始
[2025-02-16 22:07:03] INFO [APIServer] インスタンス化完了
[2025-02-16 22:07:03] INFO [APIServer] 事前チェックを開始
[2025-02-16 22:07:03] INFO [APIServer] 事前チェックでエラーが検出されました
