Logger initialization test
[2025-03-10 03:58:18] INFO [APIServer] Logger initialized: C:\Users\daigo\Desktop\shift\api\logs\apidebug_20250310.log
[2025-03-10 03:58:18] INFO [APIServer] APIサーバー起動
[2025-03-10 03:58:18] DEBUG [APIServer] ログシステム初期化完了
[2025-03-10 03:58:18] DEBUG [APIServer] アプリケーション起動
[2025-03-10 03:58:18] INFO [APIServer] Firestoreリスナー開始
[2025-03-10 03:58:18] INFO [APIServer] デバッグ用Firestoreリスナー開始
[2025-03-10 03:58:21] INFO [APIServer] シフト生成リクエストを受信
[2025-03-10 03:58:21] INFO [APIServer] JSONデータの変換を開始
[2025-03-10 03:58:21] INFO [APIServer] データの変換を開始
[2025-03-10 03:58:21] INFO [APIServer] データ変換完了
[2025-03-10 03:58:21] INFO [APIServer] インスタンス化を開始
[2025-03-10 03:58:21] INFO [APIServer] インスタンス化完了
[2025-03-10 03:58:21] INFO [APIServer] 事前チェックを開始
[2025-03-10 03:58:21] INFO [APIServer] 事前チェックでエラーが検出されました
[2025-03-10 04:42:14] INFO [APIServer] シフト生成リクエストを受信
[2025-03-10 04:42:14] INFO [APIServer] JSONデータの変換を開始
[2025-03-10 04:42:14] INFO [APIServer] データの変換を開始
[2025-03-10 04:42:14] INFO [APIServer] データ変換完了
[2025-03-10 04:42:14] INFO [APIServer] インスタンス化を開始
[2025-03-10 04:42:14] INFO [APIServer] インスタンス化完了
[2025-03-10 04:42:14] INFO [APIServer] 事前チェックを開始
[2025-03-10 04:42:14] INFO [APIServer] 事前チェック完了
[2025-03-10 04:42:16] WARNING [APIServer] シフト生成失敗（解なし）
[2025-03-10 04:42:25] INFO [APIServer] シフト生成リクエストを受信
[2025-03-10 04:42:25] INFO [APIServer] JSONデータの変換を開始
[2025-03-10 04:42:25] INFO [APIServer] データの変換を開始
[2025-03-10 04:42:25] INFO [APIServer] データ変換完了
[2025-03-10 04:42:25] INFO [APIServer] インスタンス化を開始
[2025-03-10 04:42:25] INFO [APIServer] インスタンス化完了
[2025-03-10 04:42:25] INFO [APIServer] 事前チェックを開始
[2025-03-10 04:42:25] INFO [APIServer] 事前チェックでエラーが検出されました
[2025-03-10 04:42:33] INFO [APIServer] シフト生成リクエストを受信
[2025-03-10 04:42:33] INFO [APIServer] JSONデータの変換を開始
[2025-03-10 04:42:33] INFO [APIServer] データの変換を開始
[2025-03-10 04:42:33] INFO [APIServer] データ変換完了
[2025-03-10 04:42:33] INFO [APIServer] インスタンス化を開始
[2025-03-10 04:42:33] INFO [APIServer] インスタンス化完了
[2025-03-10 04:42:33] INFO [APIServer] 事前チェックを開始
[2025-03-10 04:42:33] INFO [APIServer] 事前チェックでエラーが検出されました
[2025-03-10 04:42:47] INFO [APIServer] シフト生成リクエストを受信
[2025-03-10 04:42:47] INFO [APIServer] JSONデータの変換を開始
[2025-03-10 04:42:47] INFO [APIServer] データの変換を開始
[2025-03-10 04:42:47] INFO [APIServer] データ変換完了
[2025-03-10 04:42:47] INFO [APIServer] インスタンス化を開始
[2025-03-10 04:42:47] INFO [APIServer] インスタンス化完了
[2025-03-10 04:42:47] INFO [APIServer] 事前チェックを開始
[2025-03-10 04:42:47] INFO [APIServer] 事前チェックでエラーが検出されました
[2025-03-10 04:46:24] INFO [APIServer] シフト生成リクエストを受信
[2025-03-10 04:46:24] INFO [APIServer] JSONデータの変換を開始
[2025-03-10 04:46:24] INFO [APIServer] データの変換を開始
[2025-03-10 04:46:24] INFO [APIServer] データ変換完了
[2025-03-10 04:46:24] INFO [APIServer] インスタンス化を開始
[2025-03-10 04:46:24] INFO [APIServer] インスタンス化完了
[2025-03-10 04:46:24] INFO [APIServer] 事前チェックを開始
[2025-03-10 04:46:24] INFO [APIServer] 事前チェックでエラーが検出されました
[2025-03-10 04:46:32] INFO [APIServer] シフト生成リクエストを受信
[2025-03-10 04:46:32] INFO [APIServer] JSONデータの変換を開始
[2025-03-10 04:46:32] INFO [APIServer] データの変換を開始
[2025-03-10 04:46:32] INFO [APIServer] データ変換完了
[2025-03-10 04:46:32] INFO [APIServer] インスタンス化を開始
[2025-03-10 04:46:32] INFO [APIServer] インスタンス化完了
[2025-03-10 04:46:32] INFO [APIServer] 事前チェックを開始
[2025-03-10 04:46:32] INFO [APIServer] 事前チェックでエラーが検出されました
[2025-03-10 04:47:46] INFO [APIServer] シフト生成リクエストを受信
[2025-03-10 04:47:46] INFO [APIServer] JSONデータの変換を開始
[2025-03-10 04:47:46] INFO [APIServer] データの変換を開始
[2025-03-10 04:47:46] INFO [APIServer] データ変換完了
[2025-03-10 04:47:46] INFO [APIServer] インスタンス化を開始
[2025-03-10 04:47:46] INFO [APIServer] インスタンス化完了
[2025-03-10 04:47:46] INFO [APIServer] 事前チェックを開始
[2025-03-10 04:47:47] INFO [APIServer] 事前チェックでエラーが検出されました
[2025-03-10 04:47:56] INFO [APIServer] シフト生成リクエストを受信
[2025-03-10 04:47:56] INFO [APIServer] JSONデータの変換を開始
[2025-03-10 04:47:56] INFO [APIServer] データの変換を開始
[2025-03-10 04:47:56] INFO [APIServer] データ変換完了
[2025-03-10 04:47:56] INFO [APIServer] インスタンス化を開始
[2025-03-10 04:47:56] INFO [APIServer] インスタンス化完了
[2025-03-10 04:47:56] INFO [APIServer] 事前チェックを開始
[2025-03-10 04:47:56] INFO [APIServer] 事前チェックでエラーが検出されました
[2025-03-10 04:48:10] INFO [APIServer] シフト生成リクエストを受信
[2025-03-10 04:48:10] INFO [APIServer] JSONデータの変換を開始
[2025-03-10 04:48:10] INFO [APIServer] データの変換を開始
[2025-03-10 04:48:10] INFO [APIServer] データ変換完了
[2025-03-10 04:48:10] INFO [APIServer] インスタンス化を開始
[2025-03-10 04:48:10] INFO [APIServer] インスタンス化完了
[2025-03-10 04:48:10] INFO [APIServer] 事前チェックを開始
[2025-03-10 04:48:10] INFO [APIServer] 事前チェックでエラーが検出されました
[2025-03-10 04:48:41] INFO [APIServer] シフト生成リクエストを受信
[2025-03-10 04:48:41] INFO [APIServer] JSONデータの変換を開始
[2025-03-10 04:48:41] INFO [APIServer] データの変換を開始
[2025-03-10 04:48:41] INFO [APIServer] データ変換完了
[2025-03-10 04:48:41] INFO [APIServer] インスタンス化を開始
[2025-03-10 04:48:41] INFO [APIServer] インスタンス化完了
[2025-03-10 04:48:41] INFO [APIServer] 事前チェックを開始
[2025-03-10 04:48:41] INFO [APIServer] 事前チェックでエラーが検出されました
[2025-03-10 04:48:49] INFO [APIServer] シフト生成リクエストを受信
[2025-03-10 04:48:49] INFO [APIServer] JSONデータの変換を開始
[2025-03-10 04:48:49] INFO [APIServer] データの変換を開始
[2025-03-10 04:48:49] INFO [APIServer] データ変換完了
[2025-03-10 04:48:49] INFO [APIServer] インスタンス化を開始
[2025-03-10 04:48:49] INFO [APIServer] インスタンス化完了
[2025-03-10 04:48:49] INFO [APIServer] 事前チェックを開始
[2025-03-10 04:48:49] INFO [APIServer] 事前チェックでエラーが検出されました
[2025-03-10 04:49:05] INFO [APIServer] シフト生成リクエストを受信
[2025-03-10 04:49:05] INFO [APIServer] JSONデータの変換を開始
[2025-03-10 04:49:05] INFO [APIServer] データの変換を開始
[2025-03-10 04:49:05] INFO [APIServer] データ変換完了
[2025-03-10 04:49:05] INFO [APIServer] インスタンス化を開始
[2025-03-10 04:49:05] INFO [APIServer] インスタンス化完了
[2025-03-10 04:49:05] INFO [APIServer] 事前チェックを開始
[2025-03-10 04:49:05] INFO [APIServer] 事前チェックでエラーが検出されました
[2025-03-10 04:59:30] INFO [APIServer] シフト生成リクエストを受信
[2025-03-10 04:59:30] INFO [APIServer] JSONデータの変換を開始
[2025-03-10 04:59:30] INFO [APIServer] データの変換を開始
[2025-03-10 04:59:30] INFO [APIServer] データ変換完了
[2025-03-10 04:59:30] INFO [APIServer] インスタンス化を開始
[2025-03-10 04:59:30] INFO [APIServer] インスタンス化完了
[2025-03-10 04:59:30] INFO [APIServer] 事前チェックを開始
[2025-03-10 04:59:30] INFO [APIServer] 事前チェックでエラーが検出されました
[2025-03-10 04:59:37] INFO [APIServer] シフト生成リクエストを受信
[2025-03-10 04:59:37] INFO [APIServer] JSONデータの変換を開始
[2025-03-10 04:59:37] INFO [APIServer] データの変換を開始
[2025-03-10 04:59:37] INFO [APIServer] データ変換完了
[2025-03-10 04:59:37] INFO [APIServer] インスタンス化を開始
[2025-03-10 04:59:37] INFO [APIServer] インスタンス化完了
[2025-03-10 04:59:37] INFO [APIServer] 事前チェックを開始
[2025-03-10 04:59:37] INFO [APIServer] 事前チェックでエラーが検出されました
[2025-03-10 05:01:08] INFO [APIServer] シフト生成リクエストを受信
[2025-03-10 05:01:08] INFO [APIServer] JSONデータの変換を開始
[2025-03-10 05:01:08] INFO [APIServer] データの変換を開始
[2025-03-10 05:01:08] INFO [APIServer] データ変換完了
[2025-03-10 05:01:08] INFO [APIServer] インスタンス化を開始
[2025-03-10 05:01:08] INFO [APIServer] インスタンス化完了
[2025-03-10 05:01:08] INFO [APIServer] 事前チェックを開始
[2025-03-10 05:01:08] INFO [APIServer] 事前チェックでエラーが検出されました
[2025-03-10 05:02:34] INFO [APIServer] シフト生成リクエストを受信
[2025-03-10 05:02:34] INFO [APIServer] JSONデータの変換を開始
[2025-03-10 05:02:34] INFO [APIServer] データの変換を開始
[2025-03-10 05:02:34] INFO [APIServer] データ変換完了
[2025-03-10 05:02:34] INFO [APIServer] インスタンス化を開始
[2025-03-10 05:02:34] INFO [APIServer] インスタンス化完了
[2025-03-10 05:02:34] INFO [APIServer] 事前チェックを開始
[2025-03-10 05:02:34] INFO [APIServer] 事前チェックでエラーが検出されました
[2025-03-10 05:02:43] INFO [APIServer] シフト生成リクエストを受信
[2025-03-10 05:02:43] INFO [APIServer] JSONデータの変換を開始
[2025-03-10 05:02:43] INFO [APIServer] データの変換を開始
[2025-03-10 05:02:43] INFO [APIServer] データ変換完了
[2025-03-10 05:02:43] INFO [APIServer] インスタンス化を開始
[2025-03-10 05:02:43] INFO [APIServer] インスタンス化完了
[2025-03-10 05:02:43] INFO [APIServer] 事前チェックを開始
[2025-03-10 05:02:43] INFO [APIServer] 事前チェックでエラーが検出されました
[2025-03-10 05:02:49] INFO [APIServer] シフト生成リクエストを受信
[2025-03-10 05:02:49] INFO [APIServer] JSONデータの変換を開始
[2025-03-10 05:02:49] INFO [APIServer] データの変換を開始
[2025-03-10 05:02:49] INFO [APIServer] データ変換完了
[2025-03-10 05:02:49] INFO [APIServer] インスタンス化を開始
[2025-03-10 05:02:49] INFO [APIServer] インスタンス化完了
[2025-03-10 05:02:49] INFO [APIServer] 事前チェックを開始
[2025-03-10 05:02:50] INFO [APIServer] 事前チェックでエラーが検出されました
[2025-03-10 05:05:55] INFO [APIServer] シフト生成リクエストを受信
[2025-03-10 05:05:55] INFO [APIServer] JSONデータの変換を開始
[2025-03-10 05:05:55] INFO [APIServer] データの変換を開始
[2025-03-10 05:05:55] INFO [APIServer] データ変換完了
[2025-03-10 05:05:55] INFO [APIServer] インスタンス化を開始
[2025-03-10 05:05:55] INFO [APIServer] インスタンス化完了
[2025-03-10 05:05:55] INFO [APIServer] 事前チェックを開始
[2025-03-10 05:05:55] INFO [APIServer] 事前チェックでエラーが検出されました
[2025-03-10 05:08:55] INFO [APIServer] シフト生成リクエストを受信
[2025-03-10 05:08:55] INFO [APIServer] JSONデータの変換を開始
[2025-03-10 05:08:55] INFO [APIServer] データの変換を開始
[2025-03-10 05:08:55] INFO [APIServer] データ変換完了
[2025-03-10 05:08:55] INFO [APIServer] インスタンス化を開始
[2025-03-10 05:08:55] INFO [APIServer] インスタンス化完了
[2025-03-10 05:08:55] INFO [APIServer] 事前チェックを開始
[2025-03-10 05:08:55] INFO [APIServer] 事前チェックでエラーが検出されました
[2025-03-10 05:10:04] INFO [APIServer] シフト生成リクエストを受信
[2025-03-10 05:10:04] INFO [APIServer] JSONデータの変換を開始
[2025-03-10 05:10:04] INFO [APIServer] データの変換を開始
[2025-03-10 05:10:04] INFO [APIServer] データ変換完了
[2025-03-10 05:10:04] INFO [APIServer] インスタンス化を開始
[2025-03-10 05:10:04] INFO [APIServer] インスタンス化完了
[2025-03-10 05:10:04] INFO [APIServer] 事前チェックを開始
[2025-03-10 05:10:04] INFO [APIServer] 事前チェックでエラーが検出されました
[2025-03-10 05:10:40] INFO [APIServer] シフト生成リクエストを受信
[2025-03-10 05:10:40] INFO [APIServer] JSONデータの変換を開始
[2025-03-10 05:10:40] INFO [APIServer] データの変換を開始
[2025-03-10 05:10:40] INFO [APIServer] データ変換完了
[2025-03-10 05:10:40] INFO [APIServer] インスタンス化を開始
[2025-03-10 05:10:40] INFO [APIServer] インスタンス化完了
[2025-03-10 05:10:40] INFO [APIServer] 事前チェックを開始
[2025-03-10 05:10:40] INFO [APIServer] 事前チェックでエラーが検出されました
[2025-03-10 05:10:44] INFO [APIServer] シフト生成リクエストを受信
[2025-03-10 05:10:44] INFO [APIServer] JSONデータの変換を開始
[2025-03-10 05:10:44] INFO [APIServer] データの変換を開始
[2025-03-10 05:10:44] INFO [APIServer] データ変換完了
[2025-03-10 05:10:44] INFO [APIServer] インスタンス化を開始
[2025-03-10 05:10:44] INFO [APIServer] インスタンス化完了
[2025-03-10 05:10:44] INFO [APIServer] 事前チェックを開始
[2025-03-10 05:10:44] INFO [APIServer] 事前チェックでエラーが検出されました
[2025-03-10 05:11:42] INFO [APIServer] シフト生成リクエストを受信
[2025-03-10 05:11:42] INFO [APIServer] JSONデータの変換を開始
[2025-03-10 05:11:42] INFO [APIServer] データの変換を開始
[2025-03-10 05:11:42] INFO [APIServer] データ変換完了
[2025-03-10 05:11:42] INFO [APIServer] インスタンス化を開始
[2025-03-10 05:11:42] INFO [APIServer] インスタンス化完了
[2025-03-10 05:11:42] INFO [APIServer] 事前チェックを開始
[2025-03-10 05:11:42] INFO [APIServer] 事前チェックでエラーが検出されました
[2025-03-10 05:11:49] INFO [APIServer] シフト生成リクエストを受信
[2025-03-10 05:11:49] INFO [APIServer] JSONデータの変換を開始
[2025-03-10 05:11:49] INFO [APIServer] データの変換を開始
[2025-03-10 05:11:49] INFO [APIServer] データ変換完了
[2025-03-10 05:11:49] INFO [APIServer] インスタンス化を開始
[2025-03-10 05:11:49] INFO [APIServer] インスタンス化完了
[2025-03-10 05:11:49] INFO [APIServer] 事前チェックを開始
[2025-03-10 05:11:49] INFO [APIServer] 事前チェックでエラーが検出されました
[2025-03-10 05:11:58] INFO [APIServer] シフト生成リクエストを受信
[2025-03-10 05:11:58] INFO [APIServer] JSONデータの変換を開始
[2025-03-10 05:11:58] INFO [APIServer] データの変換を開始
[2025-03-10 05:11:58] INFO [APIServer] データ変換完了
[2025-03-10 05:11:58] INFO [APIServer] インスタンス化を開始
[2025-03-10 05:11:58] INFO [APIServer] インスタンス化完了
[2025-03-10 05:11:58] INFO [APIServer] 事前チェックを開始
[2025-03-10 05:11:58] INFO [APIServer] 事前チェックでエラーが検出されました
[2025-03-10 05:12:06] INFO [APIServer] シフト生成リクエストを受信
[2025-03-10 05:12:06] INFO [APIServer] JSONデータの変換を開始
[2025-03-10 05:12:06] INFO [APIServer] データの変換を開始
[2025-03-10 05:12:06] INFO [APIServer] データ変換完了
[2025-03-10 05:12:06] INFO [APIServer] インスタンス化を開始
[2025-03-10 05:12:06] INFO [APIServer] インスタンス化完了
[2025-03-10 05:12:06] INFO [APIServer] 事前チェックを開始
[2025-03-10 05:12:06] INFO [APIServer] 事前チェックでエラーが検出されました
[2025-03-10 05:12:16] INFO [APIServer] シフト生成リクエストを受信
[2025-03-10 05:12:16] INFO [APIServer] JSONデータの変換を開始
[2025-03-10 05:12:16] INFO [APIServer] データの変換を開始
[2025-03-10 05:12:16] INFO [APIServer] データ変換完了
[2025-03-10 05:12:16] INFO [APIServer] インスタンス化を開始
[2025-03-10 05:12:16] INFO [APIServer] インスタンス化完了
[2025-03-10 05:12:16] INFO [APIServer] 事前チェックを開始
[2025-03-10 05:12:16] INFO [APIServer] 事前チェックでエラーが検出されました
[2025-03-10 05:12:36] INFO [APIServer] シフト生成リクエストを受信
[2025-03-10 05:12:36] INFO [APIServer] JSONデータの変換を開始
[2025-03-10 05:12:36] INFO [APIServer] データの変換を開始
[2025-03-10 05:12:36] INFO [APIServer] データ変換完了
[2025-03-10 05:12:36] INFO [APIServer] インスタンス化を開始
[2025-03-10 05:12:36] INFO [APIServer] インスタンス化完了
[2025-03-10 05:12:36] INFO [APIServer] 事前チェックを開始
[2025-03-10 05:12:36] INFO [APIServer] 事前チェックでエラーが検出されました
[2025-03-10 05:13:14] INFO [APIServer] シフト生成リクエストを受信
[2025-03-10 05:13:14] INFO [APIServer] JSONデータの変換を開始
[2025-03-10 05:13:14] INFO [APIServer] データの変換を開始
[2025-03-10 05:13:14] INFO [APIServer] データ変換完了
[2025-03-10 05:13:14] INFO [APIServer] インスタンス化を開始
[2025-03-10 05:13:14] INFO [APIServer] インスタンス化完了
[2025-03-10 05:13:14] INFO [APIServer] 事前チェックを開始
[2025-03-10 05:13:14] INFO [APIServer] 事前チェックでエラーが検出されました
[2025-03-10 05:14:29] INFO [APIServer] シフト生成リクエストを受信
[2025-03-10 05:14:29] INFO [APIServer] JSONデータの変換を開始
[2025-03-10 05:14:29] INFO [APIServer] データの変換を開始
[2025-03-10 05:14:29] INFO [APIServer] データ変換完了
[2025-03-10 05:14:29] INFO [APIServer] インスタンス化を開始
[2025-03-10 05:14:29] INFO [APIServer] インスタンス化完了
[2025-03-10 05:14:29] INFO [APIServer] 事前チェックを開始
[2025-03-10 05:14:29] INFO [APIServer] 事前チェックでエラーが検出されました
[2025-03-10 05:21:30] INFO [APIServer] シフト生成リクエストを受信
[2025-03-10 05:21:30] INFO [APIServer] JSONデータの変換を開始
[2025-03-10 05:21:30] INFO [APIServer] データの変換を開始
[2025-03-10 05:21:30] INFO [APIServer] データ変換完了
[2025-03-10 05:21:30] INFO [APIServer] インスタンス化を開始
[2025-03-10 05:21:30] INFO [APIServer] インスタンス化完了
[2025-03-10 05:21:30] INFO [APIServer] 事前チェックを開始
[2025-03-10 05:21:30] INFO [APIServer] 事前チェックでエラーが検出されました
[2025-03-10 05:22:43] INFO [APIServer] シフト生成リクエストを受信
[2025-03-10 05:22:43] INFO [APIServer] JSONデータの変換を開始
[2025-03-10 05:22:43] INFO [APIServer] データの変換を開始
[2025-03-10 05:22:43] INFO [APIServer] データ変換完了
[2025-03-10 05:22:43] INFO [APIServer] インスタンス化を開始
[2025-03-10 05:22:43] INFO [APIServer] インスタンス化完了
[2025-03-10 05:22:43] INFO [APIServer] 事前チェックを開始
[2025-03-10 05:22:44] INFO [APIServer] 事前チェックでエラーが検出されました
[2025-03-10 05:53:09] INFO [APIServer] シフト生成リクエストを受信
[2025-03-10 05:53:09] INFO [APIServer] JSONデータの変換を開始
[2025-03-10 05:53:09] INFO [APIServer] データの変換を開始
[2025-03-10 05:53:09] INFO [APIServer] データ変換完了
[2025-03-10 05:53:09] INFO [APIServer] インスタンス化を開始
[2025-03-10 05:53:09] INFO [APIServer] インスタンス化完了
[2025-03-10 05:53:09] INFO [APIServer] 事前チェックを開始
[2025-03-10 05:53:10] INFO [APIServer] 事前チェックでエラーが検出されました
[2025-03-10 05:58:13] INFO [APIServer] シフト生成リクエストを受信
[2025-03-10 05:58:13] INFO [APIServer] JSONデータの変換を開始
[2025-03-10 05:58:13] INFO [APIServer] データの変換を開始
[2025-03-10 05:58:13] INFO [APIServer] データ変換完了
[2025-03-10 05:58:13] INFO [APIServer] インスタンス化を開始
[2025-03-10 05:58:13] INFO [APIServer] インスタンス化完了
[2025-03-10 05:58:13] INFO [APIServer] 事前チェックを開始
[2025-03-10 05:58:13] INFO [APIServer] 事前チェックでエラーが検出されました
[2025-03-10 05:58:36] INFO [APIServer] シフト生成リクエストを受信
[2025-03-10 05:58:36] INFO [APIServer] JSONデータの変換を開始
[2025-03-10 05:58:36] INFO [APIServer] データの変換を開始
[2025-03-10 05:58:36] INFO [APIServer] データ変換完了
[2025-03-10 05:58:36] INFO [APIServer] インスタンス化を開始
[2025-03-10 05:58:36] INFO [APIServer] インスタンス化完了
[2025-03-10 05:58:36] INFO [APIServer] 事前チェックを開始
[2025-03-10 05:58:36] INFO [APIServer] 事前チェックでエラーが検出されました
[2025-03-10 05:59:42] INFO [APIServer] シフト生成リクエストを受信
[2025-03-10 05:59:42] INFO [APIServer] JSONデータの変換を開始
[2025-03-10 05:59:42] INFO [APIServer] データの変換を開始
[2025-03-10 05:59:42] INFO [APIServer] データ変換完了
[2025-03-10 05:59:42] INFO [APIServer] インスタンス化を開始
[2025-03-10 05:59:42] INFO [APIServer] インスタンス化完了
[2025-03-10 05:59:42] INFO [APIServer] 事前チェックを開始
[2025-03-10 05:59:43] INFO [APIServer] 事前チェックでエラーが検出されました
[2025-03-10 05:59:59] INFO [APIServer] シフト生成リクエストを受信
[2025-03-10 05:59:59] INFO [APIServer] JSONデータの変換を開始
[2025-03-10 05:59:59] INFO [APIServer] データの変換を開始
[2025-03-10 05:59:59] INFO [APIServer] データ変換完了
[2025-03-10 05:59:59] INFO [APIServer] インスタンス化を開始
[2025-03-10 05:59:59] INFO [APIServer] インスタンス化完了
[2025-03-10 05:59:59] INFO [APIServer] 事前チェックを開始
[2025-03-10 06:00:00] INFO [APIServer] 事前チェックでエラーが検出されました
[2025-03-10 06:07:41] INFO [APIServer] シフト生成リクエストを受信
[2025-03-10 06:07:41] INFO [APIServer] JSONデータの変換を開始
[2025-03-10 06:07:41] INFO [APIServer] データの変換を開始
[2025-03-10 06:07:41] INFO [APIServer] データ変換完了
[2025-03-10 06:07:41] INFO [APIServer] インスタンス化を開始
[2025-03-10 06:07:41] INFO [APIServer] インスタンス化完了
[2025-03-10 06:07:42] INFO [APIServer] 事前チェックを開始
[2025-03-10 06:07:42] INFO [APIServer] 事前チェックでエラーが検出されました
[2025-03-10 06:10:14] INFO [APIServer] シフト生成リクエストを受信
[2025-03-10 06:10:14] INFO [APIServer] JSONデータの変換を開始
[2025-03-10 06:10:14] INFO [APIServer] データの変換を開始
[2025-03-10 06:10:14] INFO [APIServer] データ変換完了
[2025-03-10 06:10:14] INFO [APIServer] インスタンス化を開始
[2025-03-10 06:10:14] INFO [APIServer] インスタンス化完了
[2025-03-10 06:10:14] INFO [APIServer] 事前チェックを開始
[2025-03-10 06:10:14] INFO [APIServer] 事前チェックでエラーが検出されました
[2025-03-10 06:12:23] INFO [APIServer] シフト生成リクエストを受信
[2025-03-10 06:12:23] INFO [APIServer] JSONデータの変換を開始
[2025-03-10 06:12:23] INFO [APIServer] データの変換を開始
[2025-03-10 06:12:23] INFO [APIServer] データ変換完了
[2025-03-10 06:12:23] INFO [APIServer] インスタンス化を開始
[2025-03-10 06:12:23] INFO [APIServer] インスタンス化完了
[2025-03-10 06:12:23] INFO [APIServer] 事前チェックを開始
[2025-03-10 06:12:23] INFO [APIServer] 事前チェックでエラーが検出されました
[2025-03-10 06:13:01] INFO [APIServer] シフト生成リクエストを受信
[2025-03-10 06:13:01] INFO [APIServer] JSONデータの変換を開始
[2025-03-10 06:13:01] INFO [APIServer] データの変換を開始
[2025-03-10 06:13:01] INFO [APIServer] データ変換完了
[2025-03-10 06:13:01] INFO [APIServer] インスタンス化を開始
[2025-03-10 06:13:01] INFO [APIServer] インスタンス化完了
[2025-03-10 06:13:01] INFO [APIServer] 事前チェックを開始
[2025-03-10 06:13:01] INFO [APIServer] 事前チェックでエラーが検出されました
