Logger initialization test
[2025-04-11 22:48:33] INFO [APIServer] Logger initialized: C:\Users\daigo\Desktop\shift\api\logs\apidebug_20250411.log
[2025-04-11 22:48:33] INFO [APIServer] APIサーバー起動
[2025-04-11 22:48:33] DEBUG [APIServer] ログシステム初期化完了
[2025-04-11 22:48:33] DEBUG [APIServer] アプリケーション起動
[2025-04-11 22:48:33] INFO [APIServer] Firestoreリスナー開始
[2025-04-11 22:48:33] INFO [APIServer] デバッグ用Firestoreリスナー開始
[2025-04-11 22:48:37] INFO [APIServer] シフト生成リクエストを受信
[2025-04-11 22:48:37] INFO [APIServer] JSONデータの変換を開始
[2025-04-11 22:48:37] INFO [APIServer] データの変換を開始
[2025-04-11 22:48:37] INFO [APIServer] データ変換完了
[2025-04-11 22:48:37] INFO [APIServer] インスタンス化を開始
[2025-04-11 22:48:37] INFO [APIServer] インスタンス化完了
[2025-04-11 22:48:37] INFO [APIServer] 事前チェックを開始
[2025-04-11 22:48:37] INFO [APIServer] 事前チェック完了
[2025-04-11 22:48:38] DEBUG [APIServer] === ソルバー実行完了 ===
[2025-04-11 22:48:49] INFO [APIServer] シフト生成リクエストを受信
[2025-04-11 22:48:49] INFO [APIServer] JSONデータの変換を開始
[2025-04-11 22:48:49] INFO [APIServer] データの変換を開始
[2025-04-11 22:48:49] INFO [APIServer] データ変換完了
[2025-04-11 22:48:49] INFO [APIServer] インスタンス化を開始
[2025-04-11 22:48:49] INFO [APIServer] インスタンス化完了
[2025-04-11 22:48:49] INFO [APIServer] 事前チェックを開始
[2025-04-11 22:48:49] INFO [APIServer] 事前チェック完了
[2025-04-11 22:48:50] DEBUG [APIServer] === ソルバー実行完了 ===
[2025-04-11 22:49:03] INFO [APIServer] シフト生成リクエストを受信
[2025-04-11 22:49:03] INFO [APIServer] JSONデータの変換を開始
[2025-04-11 22:49:03] INFO [APIServer] データの変換を開始
[2025-04-11 22:49:03] INFO [APIServer] データ変換完了
[2025-04-11 22:49:03] INFO [APIServer] インスタンス化を開始
[2025-04-11 22:49:03] INFO [APIServer] インスタンス化完了
[2025-04-11 22:49:03] INFO [APIServer] 事前チェックを開始
[2025-04-11 22:49:03] INFO [APIServer] 事前チェックでエラーが検出されました
[2025-04-11 22:49:11] INFO [APIServer] シフト生成リクエストを受信
[2025-04-11 22:49:11] INFO [APIServer] JSONデータの変換を開始
[2025-04-11 22:49:11] INFO [APIServer] データの変換を開始
[2025-04-11 22:49:11] INFO [APIServer] データ変換完了
[2025-04-11 22:49:11] INFO [APIServer] インスタンス化を開始
[2025-04-11 22:49:11] INFO [APIServer] インスタンス化完了
[2025-04-11 22:49:11] INFO [APIServer] 事前チェックを開始
[2025-04-11 22:49:11] INFO [APIServer] 事前チェックでエラーが検出されました
[2025-04-11 22:51:34] INFO [APIServer] シフト生成リクエストを受信
[2025-04-11 22:51:34] INFO [APIServer] JSONデータの変換を開始
[2025-04-11 22:51:34] INFO [APIServer] データの変換を開始
[2025-04-11 22:51:34] INFO [APIServer] データ変換完了
[2025-04-11 22:51:34] INFO [APIServer] インスタンス化を開始
[2025-04-11 22:51:34] INFO [APIServer] インスタンス化完了
[2025-04-11 22:51:34] INFO [APIServer] 事前チェックを開始
[2025-04-11 22:51:35] INFO [APIServer] 事前チェックでエラーが検出されました
[2025-04-11 22:51:46] INFO [APIServer] シフト生成リクエストを受信
[2025-04-11 22:51:46] INFO [APIServer] JSONデータの変換を開始
[2025-04-11 22:51:46] INFO [APIServer] データの変換を開始
[2025-04-11 22:51:46] INFO [APIServer] データ変換完了
[2025-04-11 22:51:46] INFO [APIServer] インスタンス化を開始
[2025-04-11 22:51:46] INFO [APIServer] インスタンス化完了
[2025-04-11 22:51:46] INFO [APIServer] 事前チェックを開始
[2025-04-11 22:51:46] INFO [APIServer] 事前チェック完了
[2025-04-11 22:51:48] DEBUG [APIServer] === ソルバー実行完了 ===
[2025-04-12 01:42:36] INFO [APIServer] シフト生成リクエストを受信
[2025-04-12 01:42:37] INFO [APIServer] JSONデータの変換を開始
[2025-04-12 01:42:37] INFO [APIServer] データの変換を開始
[2025-04-12 01:42:37] INFO [APIServer] データ変換完了
[2025-04-12 01:42:37] INFO [APIServer] インスタンス化を開始
[2025-04-12 01:42:37] INFO [APIServer] インスタンス化完了
[2025-04-12 01:42:37] INFO [APIServer] 事前チェックを開始
[2025-04-12 01:42:37] INFO [APIServer] 事前チェック完了
[2025-04-12 01:42:38] DEBUG [APIServer] === ソルバー実行完了 ===
[2025-04-12 01:57:06] INFO [APIServer] シフト生成リクエストを受信
[2025-04-12 01:57:06] INFO [APIServer] JSONデータの変換を開始
[2025-04-12 01:57:06] INFO [APIServer] データの変換を開始
[2025-04-12 01:57:06] INFO [APIServer] データ変換完了
[2025-04-12 01:57:06] INFO [APIServer] インスタンス化を開始
[2025-04-12 01:57:06] INFO [APIServer] インスタンス化完了
[2025-04-12 01:57:06] INFO [APIServer] 事前チェックを開始
[2025-04-12 01:57:06] INFO [APIServer] 事前チェック完了
[2025-04-12 01:57:07] WARNING [APIServer] シフト生成失敗（解なし）
[2025-04-12 01:57:11] INFO [APIServer] シフト生成リクエストを受信
[2025-04-12 01:57:11] INFO [APIServer] JSONデータの変換を開始
[2025-04-12 01:57:11] INFO [APIServer] データの変換を開始
[2025-04-12 01:57:11] INFO [APIServer] データ変換完了
[2025-04-12 01:57:11] INFO [APIServer] インスタンス化を開始
[2025-04-12 01:57:11] INFO [APIServer] インスタンス化完了
[2025-04-12 01:57:11] INFO [APIServer] 事前チェックを開始
[2025-04-12 01:57:11] INFO [APIServer] 事前チェック完了
[2025-04-12 01:57:11] WARNING [APIServer] シフト生成失敗（解なし）
[2025-04-12 01:57:23] INFO [APIServer] シフト生成リクエストを受信
[2025-04-12 01:57:23] INFO [APIServer] JSONデータの変換を開始
[2025-04-12 01:57:23] INFO [APIServer] データの変換を開始
[2025-04-12 01:57:23] INFO [APIServer] データ変換完了
[2025-04-12 01:57:23] INFO [APIServer] インスタンス化を開始
[2025-04-12 01:57:23] INFO [APIServer] インスタンス化完了
[2025-04-12 01:57:23] INFO [APIServer] 事前チェックを開始
[2025-04-12 01:57:23] INFO [APIServer] 事前チェック完了
[2025-04-12 01:57:25] DEBUG [APIServer] === ソルバー実行完了 ===
[2025-04-12 01:57:39] INFO [APIServer] シフト生成リクエストを受信
[2025-04-12 01:57:39] INFO [APIServer] JSONデータの変換を開始
[2025-04-12 01:57:39] INFO [APIServer] データの変換を開始
[2025-04-12 01:57:39] INFO [APIServer] データ変換完了
[2025-04-12 01:57:39] INFO [APIServer] インスタンス化を開始
[2025-04-12 01:57:39] INFO [APIServer] インスタンス化完了
[2025-04-12 01:57:39] INFO [APIServer] 事前チェックを開始
[2025-04-12 01:57:39] INFO [APIServer] 事前チェック完了
[2025-04-12 01:57:40] DEBUG [APIServer] === ソルバー実行完了 ===
