Logger initialization test
[2025-03-24 10:07:57] INFO [APIServer] Logger initialized: C:\Users\daigo\Desktop\shift\api\logs\apidebug_20250324.log
[2025-03-24 10:07:57] INFO [APIServer] APIサーバー起動
[2025-03-24 10:07:57] DEBUG [APIServer] ログシステム初期化完了
[2025-03-24 10:07:57] DEBUG [APIServer] アプリケーション起動
[2025-03-24 10:07:57] INFO [APIServer] Firestoreリスナー開始
[2025-03-24 10:07:57] INFO [APIServer] デバッグ用Firestoreリスナー開始
[2025-03-24 13:21:41] INFO [APIServer] シフト生成リクエストを受信
[2025-03-24 13:21:41] INFO [APIServer] JSONデータの変換を開始
[2025-03-24 13:21:41] INFO [APIServer] データの変換を開始
[2025-03-24 13:21:41] INFO [APIServer] データ変換完了
[2025-03-24 13:21:41] INFO [APIServer] インスタンス化を開始
[2025-03-24 13:21:41] INFO [APIServer] インスタンス化完了
[2025-03-24 13:21:41] INFO [APIServer] 事前チェックを開始
[2025-03-24 13:21:41] INFO [APIServer] 事前チェック完了
[2025-03-24 13:22:07] DEBUG [APIServer] === ソルバー実行完了 ===
[2025-03-24 20:04:31] INFO [APIServer] シフト生成リクエストを受信
[2025-03-24 20:04:31] INFO [APIServer] JSONデータの変換を開始
[2025-03-24 20:04:31] INFO [APIServer] データの変換を開始
[2025-03-24 20:04:31] INFO [APIServer] データ変換完了
[2025-03-24 20:04:31] INFO [APIServer] インスタンス化を開始
[2025-03-24 20:04:31] INFO [APIServer] インスタンス化完了
[2025-03-24 20:04:31] INFO [APIServer] 事前チェックを開始
[2025-03-24 20:04:31] INFO [APIServer] 事前チェックでエラーが検出されました
[2025-03-24 20:05:03] INFO [APIServer] シフト生成リクエストを受信
[2025-03-24 20:05:03] INFO [APIServer] JSONデータの変換を開始
[2025-03-24 20:05:03] INFO [APIServer] データの変換を開始
[2025-03-24 20:05:03] INFO [APIServer] データ変換完了
[2025-03-24 20:05:03] INFO [APIServer] インスタンス化を開始
[2025-03-24 20:05:03] INFO [APIServer] インスタンス化完了
[2025-03-24 20:05:03] INFO [APIServer] 事前チェックを開始
[2025-03-24 20:05:03] INFO [APIServer] 事前チェック完了
[2025-03-24 20:05:31] DEBUG [APIServer] === ソルバー実行完了 ===
[2025-03-24 20:07:09] INFO [APIServer] シフト生成リクエストを受信
[2025-03-24 20:07:09] INFO [APIServer] JSONデータの変換を開始
[2025-03-24 20:07:09] INFO [APIServer] データの変換を開始
[2025-03-24 20:07:09] INFO [APIServer] データ変換完了
[2025-03-24 20:07:09] INFO [APIServer] インスタンス化を開始
[2025-03-24 20:07:09] INFO [APIServer] インスタンス化完了
[2025-03-24 20:07:09] INFO [APIServer] 事前チェックを開始
[2025-03-24 20:07:09] INFO [APIServer] 事前チェック完了
[2025-03-24 20:07:36] DEBUG [APIServer] === ソルバー実行完了 ===
