Logger initialization test
[2025-04-05 17:44:27] INFO [APIServer] Logger initialized: C:\Users\daigo\Desktop\shift\api\logs\apidebug_20250405.log
[2025-04-05 17:44:27] INFO [APIServer] APIサーバー起動
[2025-04-05 17:44:27] DEBUG [APIServer] ログシステム初期化完了
[2025-04-05 17:44:27] DEBUG [APIServer] アプリケーション起動
[2025-04-05 17:44:27] INFO [APIServer] Firestoreリスナー開始
[2025-04-05 17:44:27] INFO [APIServer] デバッグ用Firestoreリスナー開始
Logger initialization test
[2025-04-05 17:44:55] INFO [APIServer] Logger initialized: C:\Users\daigo\Desktop\shift\api\logs\apidebug_20250405.log
[2025-04-05 17:44:56] INFO [APIServer] APIサーバー起動
[2025-04-05 17:44:56] DEBUG [APIServer] ログシステム初期化完了
[2025-04-05 17:44:56] DEBUG [APIServer] アプリケーション起動
[2025-04-05 17:44:56] INFO [APIServer] Firestoreリスナー開始
[2025-04-05 17:44:56] INFO [APIServer] デバッグ用Firestoreリスナー開始
[2025-04-05 17:45:04] INFO [APIServer] シフト生成リクエストを受信
[2025-04-05 17:45:04] INFO [APIServer] JSONデータの変換を開始
[2025-04-05 17:45:04] INFO [APIServer] データの変換を開始
[2025-04-05 17:45:04] INFO [APIServer] データ変換完了
[2025-04-05 17:45:04] INFO [APIServer] インスタンス化を開始
[2025-04-05 17:45:04] INFO [APIServer] インスタンス化完了
[2025-04-05 17:45:04] INFO [APIServer] 事前チェックを開始
[2025-04-05 17:45:04] INFO [APIServer] 事前チェックでエラーが検出されました
[2025-04-05 17:45:11] INFO [APIServer] シフト生成リクエストを受信
[2025-04-05 17:45:11] INFO [APIServer] JSONデータの変換を開始
[2025-04-05 17:45:11] INFO [APIServer] データの変換を開始
[2025-04-05 17:45:11] INFO [APIServer] データ変換完了
[2025-04-05 17:45:11] INFO [APIServer] インスタンス化を開始
[2025-04-05 17:45:11] INFO [APIServer] インスタンス化完了
[2025-04-05 17:45:11] INFO [APIServer] 事前チェックを開始
[2025-04-05 17:45:11] INFO [APIServer] 事前チェックでエラーが検出されました
[2025-04-05 17:45:15] INFO [APIServer] シフト生成リクエストを受信
[2025-04-05 17:45:15] INFO [APIServer] JSONデータの変換を開始
[2025-04-05 17:45:15] INFO [APIServer] データの変換を開始
[2025-04-05 17:45:15] INFO [APIServer] データ変換完了
[2025-04-05 17:45:15] INFO [APIServer] インスタンス化を開始
[2025-04-05 17:45:15] INFO [APIServer] インスタンス化完了
[2025-04-05 17:45:15] INFO [APIServer] 事前チェックを開始
[2025-04-05 17:45:15] INFO [APIServer] 事前チェックでエラーが検出されました
[2025-04-05 17:45:30] INFO [APIServer] シフト生成リクエストを受信
[2025-04-05 17:45:30] INFO [APIServer] JSONデータの変換を開始
[2025-04-05 17:45:30] INFO [APIServer] データの変換を開始
[2025-04-05 17:45:30] INFO [APIServer] データ変換完了
[2025-04-05 17:45:30] INFO [APIServer] インスタンス化を開始
[2025-04-05 17:45:30] INFO [APIServer] インスタンス化完了
[2025-04-05 17:45:30] INFO [APIServer] 事前チェックを開始
[2025-04-05 17:45:30] INFO [APIServer] 事前チェックでエラーが検出されました
[2025-04-05 17:45:58] INFO [APIServer] デバッグ用シフト生成リクエストを受信
[2025-04-05 17:45:58] INFO [APIServer] パースしたJSONデータのキー: dict_keys(['rule_data', 'shift_data', 'active_constraints', 'turbo_mode', 'weightData', 'staffData'])
[2025-04-05 17:45:58] DEBUG [APIServer] === データ変換開始 ===
[2025-04-05 17:45:58] DEBUG [APIServer] 変換後データ: dict_keys(['staffData', 'ruleData', 'shiftData', 'weightData'])
[2025-04-05 17:45:58] DEBUG [APIServer] === インスタンス化開始 ===
[2025-04-05 17:45:58] DEBUG [APIServer] インスタンス化完了
[2025-04-05 17:45:58] DEBUG [APIServer] === ソルバー実行開始 ===
[2025-04-05 17:45:58] DEBUG [APIServer] スタッフデータ数: 15
[2025-04-05 17:45:58] DEBUG [APIServer] ルールデータ: RuleData(holiday_count=9, consecutive_work_limit=6, weekday_staff=1.5, weekday_preference_level=None, sunday_staff=0.5, sunday_preference_level=None, early_staff=2, late_staff=2, night_staff=2, weekday_reliability=None, sunday_reliability=None, preference_constraints=[RuleConstraint(type='選好', category='シフトパターン', sub_category='推奨', count='早番', final='日勤', target='日勤', weight=50, times='全員'), RuleConstraint(type='選好', category='シフトパターン', sub_category='推奨', count='日勤', final='遅番', target='遅番', weight=50, times='全員'), RuleConstraint(type='選好', category='シフトパターン', sub_category='推奨', count='遅番', final='夜勤', target='夜勤', weight=50, times='全員'), RuleConstraint(type='必須', category='シフトパターン', sub_category='回避', count='遅番', final='早番', target='早番', weight=500, times='全員'), RuleConstraint(type='選好', category='シフトパターン', sub_category='回避', count='日勤', final='早番', target='早番', weight=100, times='全員'), RuleConstraint(type='選好', category='シフトパターン', sub_category='回避', count='遅番', final='日勤', target='日勤', weight=100, times='全員'), RuleConstraint(type='選好', category='日勤帯連勤', sub_category='回避', count='四連勤', final='以上', target='以上', weight=2001, times='全員'), RuleConstraint(type='必須', category='連休保証', sub_category='推奨', count='二連休', final='1回まで', target='1回まで', weight=50, times='全員'), RuleConstraint(type='必須', category='ペア重複', sub_category='回避', count='夜勤', final='3回', target='以上', weight=50, times='全員'), RuleConstraint(type='選好', category='シフトバランス', sub_category='推奨', count='早番と遅番', final='早＋1', target='早＋1', weight=300, times='全員'), RuleConstraint(type='選好', category='シフトバランス', sub_category='推奨', count='早番と遅番', final='丁度', target='丁度', weight=300, times='全員'), RuleConstraint(type='必須', category='連続シフト', sub_category='回避', count='早番', final='3回', target='以上', weight=50, times='全員'), RuleConstraint(type='必須', category='連続シフト', sub_category='回避', count='遅番', final='3回', target='以上', weight=50, times='全員'), RuleConstraint(type='必須', category='連続シフト', sub_category='回避', count='夜勤', final='4回', target='以上', weight=50, times='全員'), RuleConstraint(type='選好', category='連続勤務', sub_category='回避', count='五連勤', final='以上', target='以上', weight=5001, times='全員')])
[2025-04-05 17:45:58] DEBUG [APIServer] シフトデータ: ShiftData(year=2025, month=4, search_time=15, entries=[ShiftEntry(staff_name='わた', day=2, shift_type='公', role='主任', is_part_time=False), ShiftEntry(staff_name='わた', day=3, shift_type='公', role='主任', is_part_time=False), ShiftEntry(staff_name='わた', day=4, shift_type='公', role='主任', is_part_time=False), ShiftEntry(staff_name='わた', day=8, shift_type='公', role='主任', is_part_time=False), ShiftEntry(staff_name='わた', day=11, shift_type='公', role='主任', is_part_time=False), ShiftEntry(staff_name='わた', day=19, shift_type='公', role='主任', is_part_time=False), ShiftEntry(staff_name='わた', day=20, shift_type='公', role='主任', is_part_time=False), ShiftEntry(staff_name='わた', day=21, shift_type='公', role='主任', is_part_time=False), ShiftEntry(staff_name='やま', day=1, shift_type='公', role='副主任', is_part_time=False), ShiftEntry(staff_name='やま', day=15, shift_type='公', role='副主任', is_part_time=False), ShiftEntry(staff_name='やま', day=17, shift_type='／', role='副主任', is_part_time=False), ShiftEntry(staff_name='やま', day=18, shift_type='×', role='副主任', is_part_time=False), ShiftEntry(staff_name='やま', day=19, shift_type='公', role='副主任', is_part_time=False), ShiftEntry(staff_name='やま', day=20, shift_type='公', role='副主任', is_part_time=False), ShiftEntry(staff_name='やま', day=21, shift_type='公', role='副主任', is_part_time=False), ShiftEntry(staff_name='やま', day=29, shift_type='公', role='副主任', is_part_time=False), ShiftEntry(staff_name='なーが', day=1, shift_type='公', role='一般職員', is_part_time=False), ShiftEntry(staff_name='なーが', day=15, shift_type='／', role='一般職員', is_part_time=False), ShiftEntry(staff_name='なーが', day=16, shift_type='×', role='一般職員', is_part_time=False), ShiftEntry(staff_name='なーが', day=17, shift_type='公', role='一般職員', is_part_time=False), ShiftEntry(staff_name='なーが', day=18, shift_type='公', role='一般職員', is_part_time=False), ShiftEntry(staff_name='なーが', day=23, shift_type='公', role='一般職員', is_part_time=False), ShiftEntry(staff_name='たお', day=5, shift_type='公', role='一般職員', is_part_time=False), ShiftEntry(staff_name='たお', day=6, shift_type='公', role='一般職員', is_part_time=False), ShiftEntry(staff_name='たお', day=11, shift_type='公', role='一般職員', is_part_time=False), ShiftEntry(staff_name='たお', day=12, shift_type='公', role='一般職員', is_part_time=False), ShiftEntry(staff_name='たお', day=18, shift_type='公', role='一般職員', is_part_time=False), ShiftEntry(staff_name='たお', day=19, shift_type='公', role='一般職員', is_part_time=False), ShiftEntry(staff_name='たお', day=20, shift_type='公', role='一般職員', is_part_time=False), ShiftEntry(staff_name='たお', day=25, shift_type='公', role='一般職員', is_part_time=False), ShiftEntry(staff_name='たお', day=26, shift_type='公', role='一般職員', is_part_time=False), ShiftEntry(staff_name='ごと', day=1, shift_type='×', role='一般職員', is_part_time=False), ShiftEntry(staff_name='ごと', day=2, shift_type='公', role='一般職員', is_part_time=False), ShiftEntry(staff_name='ごと', day=4, shift_type='公', role='一般職員', is_part_time=False), ShiftEntry(staff_name='ごと', day=5, shift_type='公', role='一般職員', is_part_time=False), ShiftEntry(staff_name='ごと', day=10, shift_type='／', role='一般職員', is_part_time=False), ShiftEntry(staff_name='ごと', day=11, shift_type='×', role='一般職員', is_part_time=False), ShiftEntry(staff_name='ごと', day=12, shift_type='公', role='一般職員', is_part_time=False), ShiftEntry(staff_name='こばや', day=1, shift_type='×', role='一般職員', is_part_time=False), ShiftEntry(staff_name='こばや', day=2, shift_type='公', role='一般職員', is_part_time=False), ShiftEntry(staff_name='こばや', day=3, shift_type='／', role='一般職員', is_part_time=False), ShiftEntry(staff_name='こばや', day=4, shift_type='×', role='一般職員', is_part_time=False), ShiftEntry(staff_name='こばや', day=5, shift_type='公', role='一般職員', is_part_time=False), ShiftEntry(staff_name='こばや', day=6, shift_type='▲', role='一般職員', is_part_time=False), ShiftEntry(staff_name='こばや', day=7, shift_type='／', role='一般職員', is_part_time=False), ShiftEntry(staff_name='こばや', day=8, shift_type='×', role='一般職員', is_part_time=False), ShiftEntry(staff_name='こばや', day=9, shift_type='公', role='一般職員', is_part_time=False), ShiftEntry(staff_name='こばや', day=11, shift_type='▲', role='一般職員', is_part_time=False), ShiftEntry(staff_name='こばや', day=13, shift_type='公', role='一般職員', is_part_time=False), ShiftEntry(staff_name='こばや', day=18, shift_type='▲', role='一般職員', is_part_time=False), ShiftEntry(staff_name='こばや', day=19, shift_type='／', role='一般職員', is_part_time=False), ShiftEntry(staff_name='こばや', day=20, shift_type='×', role='一般職員', is_part_time=False), ShiftEntry(staff_name='こばや', day=21, shift_type='公', role='一般職員', is_part_time=False), ShiftEntry(staff_name='こばや', day=25, shift_type='▲', role='一般職員', is_part_time=False), ShiftEntry(staff_name='こばや', day=26, shift_type='公', role='一般職員', is_part_time=False), ShiftEntry(staff_name='こばや', day=27, shift_type='／', role='一般職員', is_part_time=False), ShiftEntry(staff_name='こばや', day=28, shift_type='×', role='一般職員', is_part_time=False), ShiftEntry(staff_name='こばや', day=29, shift_type='公', role='一般職員', is_part_time=False), ShiftEntry(staff_name='しん', day=11, shift_type='／', role='一般職員', is_part_time=False), ShiftEntry(staff_name='しん', day=12, shift_type='×', role='一般職員', is_part_time=False), ShiftEntry(staff_name='しん', day=13, shift_type='公', role='一般職員', is_part_time=False), ShiftEntry(staff_name='しん', day=17, shift_type='／', role='一般職員', is_part_time=False), ShiftEntry(staff_name='しん', day=18, shift_type='×', role='一般職員', is_part_time=False), ShiftEntry(staff_name='しん', day=19, shift_type='公', role='一般職員', is_part_time=False), ShiftEntry(staff_name='くろ', day=9, shift_type='公', role='一般職員', is_part_time=False), ShiftEntry(staff_name='くろ', day=10, shift_type='公', role='一般職員', is_part_time=False), ShiftEntry(staff_name='やし', day=4, shift_type='／', role='一般職員', is_part_time=False), ShiftEntry(staff_name='やし', day=5, shift_type='×', role='一般職員', is_part_time=False), ShiftEntry(staff_name='やし', day=6, shift_type='公', role='一般職員', is_part_time=False), ShiftEntry(staff_name='やし', day=11, shift_type='▲', role='一般職員', is_part_time=False), ShiftEntry(staff_name='やし', day=12, shift_type='公', role='一般職員', is_part_time=False), ShiftEntry(staff_name='やし', day=13, shift_type='公', role='一般職員', is_part_time=False), ShiftEntry(staff_name='やし', day=18, shift_type='／', role='一般職員', is_part_time=False), ShiftEntry(staff_name='やし', day=19, shift_type='×', role='一般職員', is_part_time=False), ShiftEntry(staff_name='やし', day=20, shift_type='公', role='一般職員', is_part_time=False), ShiftEntry(staff_name='やし', day=22, shift_type='公', role='一般職員', is_part_time=False), ShiftEntry(staff_name='やし', day=25, shift_type='／', role='一般職員', is_part_time=False), ShiftEntry(staff_name='やし', day=26, shift_type='×', role='一般職員', is_part_time=False), ShiftEntry(staff_name='やし', day=27, shift_type='公', role='一般職員', is_part_time=False), ShiftEntry(staff_name='やし', day=29, shift_type='公', role='一般職員', is_part_time=False), ShiftEntry(staff_name='はや', day=2, shift_type='／', role='一般職員', is_part_time=False), ShiftEntry(staff_name='はや', day=3, shift_type='×', role='一般職員', is_part_time=False), ShiftEntry(staff_name='はや', day=4, shift_type='公', role='一般職員', is_part_time=False), ShiftEntry(staff_name='はや', day=5, shift_type='公', role='一般職員', is_part_time=False), ShiftEntry(staff_name='はや', day=6, shift_type='公', role='一般職員', is_part_time=False), ShiftEntry(staff_name='はや', day=13, shift_type='公', role='一般職員', is_part_time=False), ShiftEntry(staff_name='はや', day=18, shift_type='／', role='一般職員', is_part_time=False), ShiftEntry(staff_name='はや', day=19, shift_type='×', role='一般職員', is_part_time=False), ShiftEntry(staff_name='はや', day=20, shift_type='公', role='一般職員', is_part_time=False), ShiftEntry(staff_name='はや', day=27, shift_type='公', role='一般職員', is_part_time=False), ShiftEntry(staff_name='はや', day=29, shift_type='公', role='一般職員', is_part_time=False), ShiftEntry(staff_name='かん', day=11, shift_type='／', role='一般職員', is_part_time=False), ShiftEntry(staff_name='かん', day=12, shift_type='×', role='一般職員', is_part_time=False), ShiftEntry(staff_name='かん', day=13, shift_type='公', role='一般職員', is_part_time=False), ShiftEntry(staff_name='かね', day=5, shift_type='公', role='一般職員', is_part_time=False), ShiftEntry(staff_name='かね', day=6, shift_type='公', role='一般職員', is_part_time=False), ShiftEntry(staff_name='こば', day=10, shift_type='／', role='一般職員', is_part_time=False), ShiftEntry(staff_name='こば', day=11, shift_type='×', role='一般職員', is_part_time=False), ShiftEntry(staff_name='こば', day=12, shift_type='公', role='一般職員', is_part_time=False), ShiftEntry(staff_name='ハン', day=2, shift_type='公', role='一般職員', is_part_time=False), ShiftEntry(staff_name='ハン', day=3, shift_type='公', role='一般職員', is_part_time=False), ShiftEntry(staff_name='ハン', day=4, shift_type='公', role='一般職員', is_part_time=False), ShiftEntry(staff_name='ハン', day=6, shift_type='公', role='一般職員', is_part_time=False), ShiftEntry(staff_name='ハン', day=7, shift_type='公', role='一般職員', is_part_time=False), ShiftEntry(staff_name='ハン', day=8, shift_type='公', role='一般職員', is_part_time=False), ShiftEntry(staff_name='ハン', day=9, shift_type='公', role='一般職員', is_part_time=False), ShiftEntry(staff_name='ハン', day=10, shift_type='公', role='一般職員', is_part_time=False), ShiftEntry(staff_name='ハン', day=11, shift_type='公', role='一般職員', is_part_time=False), ShiftEntry(staff_name='ハン', day=12, shift_type='公', role='一般職員', is_part_time=False), ShiftEntry(staff_name='ハン', day=13, shift_type='公', role='一般職員', is_part_time=False), ShiftEntry(staff_name='ハン', day=14, shift_type='公', role='一般職員', is_part_time=False), ShiftEntry(staff_name='やま', day=3, shift_type='公', role='副主任', is_part_time=False), ShiftEntry(staff_name='ちーば', day=1, shift_type='公', role='一般職員', is_part_time=False), ShiftEntry(staff_name='ちーば', day=16, shift_type='公', role='一般職員', is_part_time=False), ShiftEntry(staff_name='ちーば', day=17, shift_type='公', role='一般職員', is_part_time=False), ShiftEntry(staff_name='ちーば', day=18, shift_type='▼', role='一般職員', is_part_time=False), ShiftEntry(staff_name='ちーば', day=23, shift_type='公', role='一般職員', is_part_time=False), ShiftEntry(staff_name='ちーば', day=2, shift_type='日', role='一般職員', is_part_time=False), ShiftEntry(staff_name='ちーば', day=3, shift_type='公', role='一般職員', is_part_time=False), ShiftEntry(staff_name='ちーば', day=4, shift_type='公', role='一般職員', is_part_time=False), ShiftEntry(staff_name='ちーば', day=5, shift_type='公', role='一般職員', is_part_time=False), ShiftEntry(staff_name='ちーば', day=6, shift_type='公', role='一般職員', is_part_time=False), ShiftEntry(staff_name='ちーば', day=7, shift_type='公', role='一般職員', is_part_time=False), ShiftEntry(staff_name='ちーば', day=8, shift_type='公', role='一般職員', is_part_time=False), ShiftEntry(staff_name='ちーば', day=9, shift_type='公', role='一般職員', is_part_time=False), ShiftEntry(staff_name='ちーば', day=10, shift_type='公', role='一般職員', is_part_time=False), ShiftEntry(staff_name='ちーば', day=11, shift_type='公', role='一般職員', is_part_time=False), ShiftEntry(staff_name='ちーば', day=12, shift_type='公', role='一般職員', is_part_time=False), ShiftEntry(staff_name='ちーば', day=13, shift_type='公', role='一般職員', is_part_time=False), ShiftEntry(staff_name='ハン', day=1, shift_type='公', role='一般職員', is_part_time=False), ShiftEntry(staff_name='ハン', day=26, shift_type='公', role='一般職員', is_part_time=False), ShiftEntry(staff_name='ハン', day=27, shift_type='公', role='一般職員', is_part_time=False), ShiftEntry(staff_name='はや', day=1, shift_type='日', role='一般職員', is_part_time=False), ShiftEntry(staff_name='かん', day=1, shift_type='／', role='一般職員', is_part_time=False), ShiftEntry(staff_name='こば', day=1, shift_type='▼', role='一般職員', is_part_time=False), ShiftEntry(staff_name='しん', day=1, shift_type='公', role='一般職員', is_part_time=False), ShiftEntry(staff_name='かね', day=2, shift_type='公', role='一般職員', is_part_time=False), ShiftEntry(staff_name='くろ', day=20, shift_type='▲', role='一般職員', is_part_time=False), ShiftEntry(staff_name='かね', day=1, shift_type='▼', role='一般職員', is_part_time=False), ShiftEntry(staff_name='やま', day=2, shift_type='▼', role='副主任', is_part_time=False), ShiftEntry(staff_name='ハン', day=5, shift_type='日', role='一般職員', is_part_time=False), ShiftEntry(staff_name='かね', day=20, shift_type='公', role='一般職員', is_part_time=False), ShiftEntry(staff_name='かね', day=27, shift_type='公', role='一般職員', is_part_time=False)], preference_entries=[])
[2025-04-05 17:46:19] DEBUG [APIServer] === ソルバー実行完了 ===
[2025-04-05 17:46:19] INFO [APIServer] シフト生成成功
[2025-04-05 17:47:03] INFO [APIServer] シフト生成リクエストを受信
[2025-04-05 17:47:03] INFO [APIServer] JSONデータの変換を開始
[2025-04-05 17:47:03] INFO [APIServer] データの変換を開始
[2025-04-05 17:47:03] INFO [APIServer] データ変換完了
[2025-04-05 17:47:03] INFO [APIServer] インスタンス化を開始
[2025-04-05 17:47:03] INFO [APIServer] インスタンス化完了
[2025-04-05 17:47:03] INFO [APIServer] 事前チェックを開始
[2025-04-05 17:47:03] INFO [APIServer] 事前チェックでエラーが検出されました
[2025-04-05 17:47:49] INFO [APIServer] シフト生成リクエストを受信
[2025-04-05 17:47:49] INFO [APIServer] JSONデータの変換を開始
[2025-04-05 17:47:49] INFO [APIServer] データの変換を開始
[2025-04-05 17:47:49] INFO [APIServer] データ変換完了
[2025-04-05 17:47:49] INFO [APIServer] インスタンス化を開始
[2025-04-05 17:47:49] INFO [APIServer] インスタンス化完了
[2025-04-05 17:47:49] INFO [APIServer] 事前チェックを開始
[2025-04-05 17:47:49] INFO [APIServer] 事前チェックでエラーが検出されました
Logger initialization test
[2025-04-05 17:55:29] INFO [APIServer] Logger initialized: C:\Users\daigo\Desktop\shift\api\logs\apidebug_20250405.log
[2025-04-05 17:55:29] INFO [APIServer] APIサーバー起動
[2025-04-05 17:55:29] DEBUG [APIServer] ログシステム初期化完了
[2025-04-05 17:55:29] DEBUG [APIServer] アプリケーション起動
[2025-04-05 17:55:29] INFO [APIServer] Firestoreリスナー開始
[2025-04-05 17:55:29] INFO [APIServer] デバッグ用Firestoreリスナー開始
[2025-04-05 17:55:35] INFO [APIServer] シフト生成リクエストを受信
[2025-04-05 17:55:35] INFO [APIServer] JSONデータの変換を開始
[2025-04-05 17:55:35] INFO [APIServer] データの変換を開始
[2025-04-05 17:55:35] INFO [APIServer] データ変換完了
[2025-04-05 17:55:35] INFO [APIServer] インスタンス化を開始
[2025-04-05 17:55:35] INFO [APIServer] インスタンス化完了
[2025-04-05 17:55:35] INFO [APIServer] 事前チェックを開始
[2025-04-05 17:55:35] INFO [APIServer] 事前チェック完了
[2025-04-05 17:55:56] DEBUG [APIServer] === ソルバー実行完了 ===
[2025-04-05 17:59:21] INFO [APIServer] シフト生成リクエストを受信
[2025-04-05 17:59:21] INFO [APIServer] JSONデータの変換を開始
[2025-04-05 17:59:21] INFO [APIServer] データの変換を開始
[2025-04-05 17:59:21] INFO [APIServer] データ変換完了
[2025-04-05 17:59:21] INFO [APIServer] インスタンス化を開始
[2025-04-05 17:59:21] INFO [APIServer] インスタンス化完了
[2025-04-05 17:59:21] INFO [APIServer] 事前チェックを開始
[2025-04-05 17:59:21] INFO [APIServer] 事前チェック完了
[2025-04-05 17:59:29] WARNING [APIServer] シフト生成失敗（解なし）
[2025-04-05 17:59:41] INFO [APIServer] シフト生成リクエストを受信
[2025-04-05 17:59:41] INFO [APIServer] JSONデータの変換を開始
[2025-04-05 17:59:41] INFO [APIServer] データの変換を開始
[2025-04-05 17:59:41] INFO [APIServer] データ変換完了
[2025-04-05 17:59:41] INFO [APIServer] インスタンス化を開始
[2025-04-05 17:59:41] INFO [APIServer] インスタンス化完了
[2025-04-05 17:59:41] INFO [APIServer] 事前チェックを開始
[2025-04-05 17:59:41] INFO [APIServer] 事前チェック完了
[2025-04-05 17:59:49] WARNING [APIServer] シフト生成失敗（解なし）
[2025-04-05 18:00:02] INFO [APIServer] シフト生成リクエストを受信
[2025-04-05 18:00:02] INFO [APIServer] JSONデータの変換を開始
[2025-04-05 18:00:02] INFO [APIServer] データの変換を開始
[2025-04-05 18:00:02] INFO [APIServer] データ変換完了
[2025-04-05 18:00:02] INFO [APIServer] インスタンス化を開始
[2025-04-05 18:00:02] INFO [APIServer] インスタンス化完了
[2025-04-05 18:00:02] INFO [APIServer] 事前チェックを開始
[2025-04-05 18:00:02] INFO [APIServer] 事前チェック完了
[2025-04-05 18:00:24] DEBUG [APIServer] === ソルバー実行完了 ===
[2025-04-05 18:03:59] INFO [APIServer] シフト生成リクエストを受信
[2025-04-05 18:03:59] INFO [APIServer] JSONデータの変換を開始
[2025-04-05 18:03:59] INFO [APIServer] データの変換を開始
[2025-04-05 18:03:59] INFO [APIServer] データ変換完了
[2025-04-05 18:03:59] INFO [APIServer] インスタンス化を開始
[2025-04-05 18:03:59] INFO [APIServer] インスタンス化完了
[2025-04-05 18:03:59] INFO [APIServer] 事前チェックを開始
[2025-04-05 18:03:59] INFO [APIServer] 事前チェック完了
[2025-04-05 18:04:05] WARNING [APIServer] シフト生成失敗（解なし）
[2025-04-05 18:04:11] INFO [APIServer] シフト生成リクエストを受信
[2025-04-05 18:04:11] INFO [APIServer] JSONデータの変換を開始
[2025-04-05 18:04:11] INFO [APIServer] データの変換を開始
[2025-04-05 18:04:11] INFO [APIServer] データ変換完了
[2025-04-05 18:04:11] INFO [APIServer] インスタンス化を開始
[2025-04-05 18:04:11] INFO [APIServer] インスタンス化完了
[2025-04-05 18:04:11] INFO [APIServer] 事前チェックを開始
[2025-04-05 18:04:11] INFO [APIServer] 事前チェック完了
[2025-04-05 18:04:33] DEBUG [APIServer] === ソルバー実行完了 ===
[2025-04-05 18:04:39] INFO [APIServer] シフト生成リクエストを受信
[2025-04-05 18:04:39] INFO [APIServer] JSONデータの変換を開始
[2025-04-05 18:04:39] INFO [APIServer] データの変換を開始
[2025-04-05 18:04:39] INFO [APIServer] データ変換完了
[2025-04-05 18:04:39] INFO [APIServer] インスタンス化を開始
[2025-04-05 18:04:39] INFO [APIServer] インスタンス化完了
[2025-04-05 18:04:39] INFO [APIServer] 事前チェックを開始
[2025-04-05 18:04:39] INFO [APIServer] 事前チェック完了
[2025-04-05 18:04:46] WARNING [APIServer] シフト生成失敗（解なし）
[2025-04-05 18:05:04] INFO [APIServer] シフト生成リクエストを受信
[2025-04-05 18:05:04] INFO [APIServer] JSONデータの変換を開始
[2025-04-05 18:05:04] INFO [APIServer] データの変換を開始
[2025-04-05 18:05:04] INFO [APIServer] データ変換完了
[2025-04-05 18:05:04] INFO [APIServer] インスタンス化を開始
[2025-04-05 18:05:04] INFO [APIServer] インスタンス化完了
[2025-04-05 18:05:04] INFO [APIServer] 事前チェックを開始
[2025-04-05 18:05:04] INFO [APIServer] 事前チェック完了
[2025-04-05 18:05:11] WARNING [APIServer] シフト生成失敗（解なし）
Logger initialization test
[2025-04-05 18:13:55] INFO [APIServer] Logger initialized: C:\Users\daigo\Desktop\shift\api\logs\apidebug_20250405.log
[2025-04-05 18:13:55] INFO [APIServer] APIサーバー起動
[2025-04-05 18:13:55] DEBUG [APIServer] ログシステム初期化完了
[2025-04-05 18:13:55] DEBUG [APIServer] アプリケーション起動
[2025-04-05 18:13:55] INFO [APIServer] Firestoreリスナー開始
[2025-04-05 18:13:56] INFO [APIServer] デバッグ用Firestoreリスナー開始
[2025-04-05 18:13:58] INFO [APIServer] シフト生成リクエストを受信
[2025-04-05 18:13:58] INFO [APIServer] JSONデータの変換を開始
[2025-04-05 18:13:58] INFO [APIServer] データの変換を開始
[2025-04-05 18:13:58] INFO [APIServer] データ変換完了
[2025-04-05 18:13:58] INFO [APIServer] インスタンス化を開始
[2025-04-05 18:13:58] INFO [APIServer] インスタンス化完了
[2025-04-05 18:13:58] INFO [APIServer] 事前チェックを開始
[2025-04-05 18:13:58] INFO [APIServer] 事前チェック完了
[2025-04-05 18:14:02] WARNING [APIServer] シフト生成失敗（解なし）
[2025-04-05 18:14:24] INFO [APIServer] シフト生成リクエストを受信
[2025-04-05 18:14:24] INFO [APIServer] JSONデータの変換を開始
[2025-04-05 18:14:24] INFO [APIServer] データの変換を開始
[2025-04-05 18:14:24] INFO [APIServer] データ変換完了
[2025-04-05 18:14:24] INFO [APIServer] インスタンス化を開始
[2025-04-05 18:14:24] INFO [APIServer] インスタンス化完了
[2025-04-05 18:14:24] INFO [APIServer] 事前チェックを開始
[2025-04-05 18:14:24] INFO [APIServer] 事前チェック完了
[2025-04-05 18:14:43] DEBUG [APIServer] === ソルバー実行完了 ===
Logger initialization test
[2025-04-05 19:09:16] INFO [APIServer] Logger initialized: C:\Users\daigo\Desktop\shift\api\logs\apidebug_20250405.log
[2025-04-05 19:09:16] INFO [APIServer] APIサーバー起動
[2025-04-05 19:09:16] DEBUG [APIServer] ログシステム初期化完了
[2025-04-05 19:09:16] DEBUG [APIServer] アプリケーション起動
[2025-04-05 19:09:16] INFO [APIServer] Firestoreリスナー開始
[2025-04-05 19:09:16] INFO [APIServer] デバッグ用Firestoreリスナー開始
