Logger initialization test
[2025-03-18 00:41:15] INFO [APIServer] Logger initialized: C:\Users\daigo\Desktop\shift\api\logs\apidebug_20250318.log
[2025-03-18 00:41:15] INFO [APIServer] APIサーバー起動
[2025-03-18 00:41:15] DEBUG [APIServer] ログシステム初期化完了
[2025-03-18 00:41:15] DEBUG [APIServer] アプリケーション起動
[2025-03-18 00:41:15] INFO [APIServer] Firestoreリスナー開始
[2025-03-18 00:41:15] INFO [APIServer] デバッグ用Firestoreリスナー開始
[2025-03-18 00:41:19] INFO [APIServer] シフト生成リクエストを受信
[2025-03-18 00:41:19] INFO [APIServer] JSONデータの変換を開始
[2025-03-18 00:41:19] INFO [APIServer] データの変換を開始
[2025-03-18 00:41:19] INFO [APIServer] データ変換完了
[2025-03-18 00:41:19] INFO [APIServer] インスタンス化を開始
[2025-03-18 00:41:19] INFO [APIServer] インスタンス化完了
[2025-03-18 00:41:19] INFO [APIServer] 事前チェックを開始
[2025-03-18 00:41:19] INFO [APIServer] 事前チェック完了
[2025-03-18 00:41:54] DEBUG [APIServer] === ソルバー実行完了 ===
[2025-03-18 00:43:01] INFO [APIServer] シフト生成リクエストを受信
[2025-03-18 00:43:01] INFO [APIServer] JSONデータの変換を開始
[2025-03-18 00:43:01] INFO [APIServer] データの変換を開始
[2025-03-18 00:43:01] INFO [APIServer] データ変換完了
[2025-03-18 00:43:01] INFO [APIServer] インスタンス化を開始
[2025-03-18 00:43:01] INFO [APIServer] インスタンス化完了
[2025-03-18 00:43:01] INFO [APIServer] 事前チェックを開始
[2025-03-18 00:43:01] INFO [APIServer] 事前チェックでエラーが検出されました
[2025-03-18 00:43:22] INFO [APIServer] シフト生成リクエストを受信
[2025-03-18 00:43:22] INFO [APIServer] JSONデータの変換を開始
[2025-03-18 00:43:22] INFO [APIServer] データの変換を開始
[2025-03-18 00:43:22] INFO [APIServer] データ変換完了
[2025-03-18 00:43:22] INFO [APIServer] インスタンス化を開始
[2025-03-18 00:43:22] INFO [APIServer] インスタンス化完了
[2025-03-18 00:43:22] INFO [APIServer] 事前チェックを開始
[2025-03-18 00:43:22] INFO [APIServer] 事前チェックでエラーが検出されました
[2025-03-18 00:44:03] INFO [APIServer] シフト生成リクエストを受信
[2025-03-18 00:44:03] INFO [APIServer] JSONデータの変換を開始
[2025-03-18 00:44:03] INFO [APIServer] データの変換を開始
[2025-03-18 00:44:03] INFO [APIServer] データ変換完了
[2025-03-18 00:44:03] INFO [APIServer] インスタンス化を開始
[2025-03-18 00:44:03] INFO [APIServer] インスタンス化完了
[2025-03-18 00:44:03] INFO [APIServer] 事前チェックを開始
[2025-03-18 00:44:03] INFO [APIServer] 事前チェックでエラーが検出されました
[2025-03-18 00:44:22] INFO [APIServer] シフト生成リクエストを受信
[2025-03-18 00:44:22] INFO [APIServer] JSONデータの変換を開始
[2025-03-18 00:44:22] INFO [APIServer] データの変換を開始
[2025-03-18 00:44:22] INFO [APIServer] データ変換完了
[2025-03-18 00:44:22] INFO [APIServer] インスタンス化を開始
[2025-03-18 00:44:22] INFO [APIServer] インスタンス化完了
[2025-03-18 00:44:22] INFO [APIServer] 事前チェックを開始
[2025-03-18 00:44:22] INFO [APIServer] 事前チェックでエラーが検出されました
[2025-03-18 00:44:35] INFO [APIServer] シフト生成リクエストを受信
[2025-03-18 00:44:35] INFO [APIServer] JSONデータの変換を開始
[2025-03-18 00:44:35] INFO [APIServer] データの変換を開始
[2025-03-18 00:44:35] INFO [APIServer] データ変換完了
[2025-03-18 00:44:35] INFO [APIServer] インスタンス化を開始
[2025-03-18 00:44:35] INFO [APIServer] インスタンス化完了
[2025-03-18 00:44:35] INFO [APIServer] 事前チェックを開始
[2025-03-18 00:44:35] INFO [APIServer] 事前チェック完了
[2025-03-18 00:44:36] DEBUG [APIServer] === ソルバー実行完了 ===
Logger initialization test
[2025-03-18 06:29:45] INFO [APIServer] Logger initialized: C:\Users\daigo\Desktop\shift\api\logs\apidebug_20250318.log
[2025-03-18 06:29:45] INFO [APIServer] APIサーバー起動
[2025-03-18 06:29:45] DEBUG [APIServer] ログシステム初期化完了
[2025-03-18 06:29:45] DEBUG [APIServer] アプリケーション起動
[2025-03-18 06:29:45] INFO [APIServer] Firestoreリスナー開始
[2025-03-18 06:29:45] INFO [APIServer] デバッグ用Firestoreリスナー開始
